[0.019s] Invoking command in '/home/astra/Documents/rover-Cameras/ros2_v4l2_camera/build/v4l2_camera': CMAKE_PREFIX_PATH=${CMAKE_PREFIX_PATH}:/home/astra/Documents/rover-Core/core_ws/install/mac_headless_pkg:/home/astra/Documents/rover-Core/core_ws/install/headless_pkg:/home/astra/Documents/rover-Core/core_ws/install/core_pkg:/opt/ros/humble /usr/bin/cmake /home/astra/Documents/rover-Cameras/ros2_v4l2_camera -DCMAKE_INSTALL_PREFIX=/home/astra/Documents/rover-Cameras/ros2_v4l2_camera/install/v4l2_camera
[0.265s] -- The C compiler identification is GNU 11.4.0
[0.444s] -- The CXX compiler identification is GNU 11.4.0
[0.462s] -- Detecting C compiler ABI info
[0.563s] -- Detecting C compiler ABI info - done
[0.573s] -- Check for working C compiler: /usr/bin/cc - skipped
[0.583s] -- Detecting C compile features
[0.585s] -- Detecting C compile features - done
[0.591s] -- Detecting CXX compiler ABI info
[0.698s] -- Detecting CXX compiler ABI info - done
[0.708s] -- Check for working CXX compiler: /usr/bin/c++ - skipped
[0.709s] -- Detecting CXX compile features
[0.709s] -- Detecting CXX compile features - done
[0.716s] -- Found ament_cmake_auto: 1.3.8 (/opt/ros/humble/share/ament_cmake_auto/cmake)
[0.964s] -- Found Python3: /usr/bin/python3 (found version "3.10.12") found components: Interpreter 
[1.319s] -- Found rosidl_generator_c: 3.1.5 (/opt/ros/humble/share/rosidl_generator_c/cmake)
[1.330s] -- Found rosidl_adapter: 3.1.5 (/opt/ros/humble/share/rosidl_adapter/cmake)
[1.351s] -- Found rosidl_generator_cpp: 3.1.5 (/opt/ros/humble/share/rosidl_generator_cpp/cmake)
[1.381s] -- Using all available rosidl_typesupport_c: rosidl_typesupport_fastrtps_c;rosidl_typesupport_introspection_c
[1.418s] -- Using all available rosidl_typesupport_cpp: rosidl_typesupport_fastrtps_cpp;rosidl_typesupport_introspection_cpp
[1.551s] -- Found rmw_implementation_cmake: 6.1.1 (/opt/ros/humble/share/rmw_implementation_cmake/cmake)
[1.558s] -- Found rmw_fastrtps_cpp: 6.2.6 (/opt/ros/humble/share/rmw_fastrtps_cpp/cmake)
[1.717s] -- Found OpenSSL: /usr/lib/x86_64-linux-gnu/libcrypto.so (found version "3.0.2")  
[1.755s] -- Found FastRTPS: /opt/ros/humble/include  
[1.812s] -- Using RMW implementation 'rmw_fastrtps_cpp' as default
[1.834s] -- Looking for pthread.h
[1.952s] -- Looking for pthread.h - found
[1.953s] -- Performing Test CMAKE_HAVE_LIBC_PTHREAD
[2.053s] -- Performing Test CMAKE_HAVE_LIBC_PTHREAD - Success
[2.055s] -- Found Threads: TRUE  
[2.755s] [0mCUDA_TOOLKIT_ROOT_DIR not found or specified[0m
[2.765s] -- Could NOT find CUDA (missing: CUDA_TOOLKIT_ROOT_DIR CUDA_NVCC_EXECUTABLE CUDA_INCLUDE_DIRS CUDA_CUDART_LIBRARY) 
[2.767s] [31mCMake Error at /opt/ros/humble/share/ament_cmake_target_dependencies/cmake/ament_target_dependencies.cmake:77 (message):
[2.767s]   ament_target_dependencies() the passed package name 'camera_info_manager'
[2.768s]   was not found before
[2.768s] Call Stack (most recent call first):
[2.768s]   CMakeLists.txt:50 (ament_target_dependencies)
[2.768s] 
[2.768s] [0m
[2.768s] -- Configuring incomplete, errors occurred!
[2.768s] See also "/home/astra/Documents/rover-Cameras/ros2_v4l2_camera/build/v4l2_camera/CMakeFiles/CMakeOutput.log".
[2.782s] Invoked command in '/home/astra/Documents/rover-Cameras/ros2_v4l2_camera/build/v4l2_camera' returned '1': CMAKE_PREFIX_PATH=${CMAKE_PREFIX_PATH}:/home/astra/Documents/rover-Core/core_ws/install/mac_headless_pkg:/home/astra/Documents/rover-Core/core_ws/install/headless_pkg:/home/astra/Documents/rover-Core/core_ws/install/core_pkg:/opt/ros/humble /usr/bin/cmake /home/astra/Documents/rover-Cameras/ros2_v4l2_camera -DCMAKE_INSTALL_PREFIX=/home/astra/Documents/rover-Cameras/ros2_v4l2_camera/install/v4l2_camera
