[0.142s] DEBUG:colcon:Command line arguments: ['/usr/bin/colcon', 'build']
[0.142s] DEBUG:colcon:Parsed command line arguments: Namespace(log_base=None, log_level=None, verb_name='build', build_base='build', install_base='install', merge_install=False, symlink_install=False, test_result_base=None, continue_on_error=False, executor='parallel', parallel_workers=4, event_handlers=None, ignore_user_meta=False, metas=['./colcon.meta'], base_paths=['.'], packages_ignore=None, packages_ignore_regex=None, paths=None, packages_up_to=None, packages_up_to_regex=None, packages_above=None, packages_above_and_dependencies=None, packages_above_depth=None, packages_select_by_dep=None, packages_skip_by_dep=None, packages_skip_up_to=None, packages_select_build_failed=False, packages_skip_build_finished=False, packages_select_test_failures=False, packages_skip_test_passed=False, packages_select=None, packages_skip=None, packages_select_regex=None, packages_skip_regex=None, packages_start=None, packages_end=None, allow_overriding=[], cmake_args=None, cmake_target=None, cmake_target_skip_unavailable=False, cmake_clean_cache=False, cmake_clean_first=False, cmake_force_configure=False, ament_cmake_args=None, catkin_cmake_args=None, catkin_skip_building_tests=False, verb_parser=<colcon_defaults.argument_parser.defaults.DefaultArgumentsDecorator object at 0x7cd325fff6a0>, verb_extension=<colcon_core.verb.build.BuildVerb object at 0x7cd325fff160>, main=<bound method BuildVerb.main of <colcon_core.verb.build.BuildVerb object at 0x7cd325fff160>>)
[0.357s] Level 1:colcon.colcon_core.package_discovery:discover_packages(colcon_meta) check parameters
[0.357s] Level 1:colcon.colcon_core.package_discovery:discover_packages(recursive) check parameters
[0.357s] Level 1:colcon.colcon_core.package_discovery:discover_packages(ignore) check parameters
[0.357s] Level 1:colcon.colcon_core.package_discovery:discover_packages(path) check parameters
[0.357s] Level 1:colcon.colcon_core.package_discovery:discover_packages(colcon_meta) discover
[0.357s] Level 1:colcon.colcon_core.package_discovery:discover_packages(recursive) discover
[0.357s] INFO:colcon.colcon_core.package_discovery:Crawling recursively for packages in '/home/astra/Documents/rover-Cameras/v4l2_camera_custom'
[0.357s] Level 1:colcon.colcon_core.package_identification:_identify(.) by extensions ['ignore', 'ignore_ament_install']
[0.357s] Level 1:colcon.colcon_core.package_identification:_identify(.) by extension 'ignore'
[0.357s] Level 1:colcon.colcon_core.package_identification:_identify(.) by extension 'ignore_ament_install'
[0.358s] Level 1:colcon.colcon_core.package_identification:_identify(.) by extensions ['colcon_pkg']
[0.358s] Level 1:colcon.colcon_core.package_identification:_identify(.) by extension 'colcon_pkg'
[0.358s] Level 1:colcon.colcon_core.package_identification:_identify(.) by extensions ['colcon_meta']
[0.358s] Level 1:colcon.colcon_core.package_identification:_identify(.) by extension 'colcon_meta'
[0.358s] Level 1:colcon.colcon_core.package_identification:_identify(.) by extensions ['ros']
[0.358s] Level 1:colcon.colcon_core.package_identification:_identify(.) by extension 'ros'
[0.377s] DEBUG:colcon.colcon_core.package_identification:Package '.' with type 'ros.ament_cmake' and name 'v4l2_camera_custom'
[0.378s] Level 1:colcon.colcon_core.package_discovery:discover_packages(recursive) using defaults
[0.378s] Level 1:colcon.colcon_core.package_discovery:discover_packages(ignore) discover
[0.378s] Level 1:colcon.colcon_core.package_discovery:discover_packages(ignore) using defaults
[0.378s] Level 1:colcon.colcon_core.package_discovery:discover_packages(path) discover
[0.378s] Level 1:colcon.colcon_core.package_discovery:discover_packages(path) using defaults
[0.403s] Level 1:colcon.colcon_core.package_discovery:discover_packages(prefix_path) check parameters
[0.404s] Level 1:colcon.colcon_core.package_discovery:discover_packages(prefix_path) discover
[0.406s] DEBUG:colcon.colcon_installed_package_information.package_discovery:Found 2 installed packages in /home/astra/Documents/rover-Cameras/v4l2_camera_custom/install
[0.407s] DEBUG:colcon.colcon_installed_package_information.package_discovery:Found 4 installed packages in /home/astra/Documents/rover-Core/core_ws/install
[0.408s] DEBUG:colcon.colcon_installed_package_information.package_discovery:Found 276 installed packages in /opt/ros/humble
[0.411s] Level 1:colcon.colcon_core.package_discovery:discover_packages(prefix_path) using defaults
[0.480s] Level 5:colcon.colcon_core.verb:set package 'v4l2_camera_custom' build argument 'cmake_args' from command line to 'None'
[0.481s] Level 5:colcon.colcon_core.verb:set package 'v4l2_camera_custom' build argument 'cmake_target' from command line to 'None'
[0.481s] Level 5:colcon.colcon_core.verb:set package 'v4l2_camera_custom' build argument 'cmake_target_skip_unavailable' from command line to 'False'
[0.481s] Level 5:colcon.colcon_core.verb:set package 'v4l2_camera_custom' build argument 'cmake_clean_cache' from command line to 'False'
[0.481s] Level 5:colcon.colcon_core.verb:set package 'v4l2_camera_custom' build argument 'cmake_clean_first' from command line to 'False'
[0.481s] Level 5:colcon.colcon_core.verb:set package 'v4l2_camera_custom' build argument 'cmake_force_configure' from command line to 'False'
[0.481s] Level 5:colcon.colcon_core.verb:set package 'v4l2_camera_custom' build argument 'ament_cmake_args' from command line to 'None'
[0.481s] Level 5:colcon.colcon_core.verb:set package 'v4l2_camera_custom' build argument 'catkin_cmake_args' from command line to 'None'
[0.481s] Level 5:colcon.colcon_core.verb:set package 'v4l2_camera_custom' build argument 'catkin_skip_building_tests' from command line to 'False'
[0.481s] DEBUG:colcon.colcon_core.verb:Building package 'v4l2_camera_custom' with the following arguments: {'ament_cmake_args': None, 'build_base': '/home/astra/Documents/rover-Cameras/v4l2_camera_custom/build/v4l2_camera_custom', 'catkin_cmake_args': None, 'catkin_skip_building_tests': False, 'cmake_args': None, 'cmake_clean_cache': False, 'cmake_clean_first': False, 'cmake_force_configure': False, 'cmake_target': None, 'cmake_target_skip_unavailable': False, 'install_base': '/home/astra/Documents/rover-Cameras/v4l2_camera_custom/install/v4l2_camera_custom', 'merge_install': False, 'path': '/home/astra/Documents/rover-Cameras/v4l2_camera_custom', 'symlink_install': False, 'test_result_base': None}
[0.481s] INFO:colcon.colcon_core.executor:Executing jobs using 'parallel' executor
[0.482s] DEBUG:colcon.colcon_parallel_executor.executor.parallel:run_until_complete
[0.483s] INFO:colcon.colcon_ros.task.ament_cmake.build:Building ROS package in '/home/astra/Documents/rover-Cameras/v4l2_camera_custom' with build type 'ament_cmake'
[0.483s] INFO:colcon.colcon_cmake.task.cmake.build:Building CMake package in '/home/astra/Documents/rover-Cameras/v4l2_camera_custom'
[0.486s] INFO:colcon.colcon_core.plugin_system:Skipping extension 'colcon_core.shell.bat': Not used on non-Windows systems
[0.486s] INFO:colcon.colcon_core.shell:Skip shell extension 'powershell' for command environment: Not usable outside of PowerShell
[0.486s] DEBUG:colcon.colcon_core.shell:Skip shell extension 'dsv' for command environment
[0.501s] DEBUG:colcon.colcon_core.event_handler.log_command:Invoking command in '/home/astra/Documents/rover-Cameras/v4l2_camera_custom/build/v4l2_camera_custom': CMAKE_PREFIX_PATH=${CMAKE_PREFIX_PATH}:/home/astra/Documents/rover-Core/core_ws/install/mac_headless_pkg:/home/astra/Documents/rover-Core/core_ws/install/headless_pkg:/home/astra/Documents/rover-Core/core_ws/install/core_pkg:/opt/ros/humble /usr/bin/cmake --build /home/astra/Documents/rover-Cameras/v4l2_camera_custom/build/v4l2_camera_custom -- -j4 -l4
[0.629s] DEBUG:colcon.colcon_core.event_handler.log_command:Invoked command in '/home/astra/Documents/rover-Cameras/v4l2_camera_custom/build/v4l2_camera_custom' returned '0': CMAKE_PREFIX_PATH=${CMAKE_PREFIX_PATH}:/home/astra/Documents/rover-Core/core_ws/install/mac_headless_pkg:/home/astra/Documents/rover-Core/core_ws/install/headless_pkg:/home/astra/Documents/rover-Core/core_ws/install/core_pkg:/opt/ros/humble /usr/bin/cmake --build /home/astra/Documents/rover-Cameras/v4l2_camera_custom/build/v4l2_camera_custom -- -j4 -l4
[0.679s] DEBUG:colcon.colcon_core.event_handler.log_command:Invoking command in '/home/astra/Documents/rover-Cameras/v4l2_camera_custom/build/v4l2_camera_custom': CMAKE_PREFIX_PATH=${CMAKE_PREFIX_PATH}:/home/astra/Documents/rover-Core/core_ws/install/mac_headless_pkg:/home/astra/Documents/rover-Core/core_ws/install/headless_pkg:/home/astra/Documents/rover-Core/core_ws/install/core_pkg:/opt/ros/humble /usr/bin/cmake --install /home/astra/Documents/rover-Cameras/v4l2_camera_custom/build/v4l2_camera_custom
[0.695s] Level 1:colcon.colcon_core.environment:create_environment_scripts_only(v4l2_camera_custom)
[0.697s] DEBUG:colcon.colcon_core.event_handler.log_command:Invoked command in '/home/astra/Documents/rover-Cameras/v4l2_camera_custom/build/v4l2_camera_custom' returned '0': CMAKE_PREFIX_PATH=${CMAKE_PREFIX_PATH}:/home/astra/Documents/rover-Core/core_ws/install/mac_headless_pkg:/home/astra/Documents/rover-Core/core_ws/install/headless_pkg:/home/astra/Documents/rover-Core/core_ws/install/core_pkg:/opt/ros/humble /usr/bin/cmake --install /home/astra/Documents/rover-Cameras/v4l2_camera_custom/build/v4l2_camera_custom
[0.699s] Level 1:colcon.colcon_core.environment:checking '/home/astra/Documents/rover-Cameras/v4l2_camera_custom/install/v4l2_camera_custom' for CMake module files
[0.700s] Level 1:colcon.colcon_core.environment:checking '/home/astra/Documents/rover-Cameras/v4l2_camera_custom/install/v4l2_camera_custom' for CMake config files
[0.700s] Level 1:colcon.colcon_core.shell:create_environment_hook('v4l2_camera_custom', 'cmake_prefix_path')
[0.700s] INFO:colcon.colcon_core.shell:Creating environment hook '/home/astra/Documents/rover-Cameras/v4l2_camera_custom/install/v4l2_camera_custom/share/v4l2_camera_custom/hook/cmake_prefix_path.ps1'
[0.701s] INFO:colcon.colcon_core.shell:Creating environment descriptor '/home/astra/Documents/rover-Cameras/v4l2_camera_custom/install/v4l2_camera_custom/share/v4l2_camera_custom/hook/cmake_prefix_path.dsv'
[0.702s] INFO:colcon.colcon_core.shell:Creating environment hook '/home/astra/Documents/rover-Cameras/v4l2_camera_custom/install/v4l2_camera_custom/share/v4l2_camera_custom/hook/cmake_prefix_path.sh'
[0.703s] Level 1:colcon.colcon_core.environment:checking '/home/astra/Documents/rover-Cameras/v4l2_camera_custom/install/v4l2_camera_custom/lib'
[0.703s] Level 1:colcon.colcon_core.shell:create_environment_hook('v4l2_camera_custom', 'ld_library_path_lib')
[0.704s] INFO:colcon.colcon_core.shell:Creating environment hook '/home/astra/Documents/rover-Cameras/v4l2_camera_custom/install/v4l2_camera_custom/share/v4l2_camera_custom/hook/ld_library_path_lib.ps1'
[0.704s] INFO:colcon.colcon_core.shell:Creating environment descriptor '/home/astra/Documents/rover-Cameras/v4l2_camera_custom/install/v4l2_camera_custom/share/v4l2_camera_custom/hook/ld_library_path_lib.dsv'
[0.705s] INFO:colcon.colcon_core.shell:Creating environment hook '/home/astra/Documents/rover-Cameras/v4l2_camera_custom/install/v4l2_camera_custom/share/v4l2_camera_custom/hook/ld_library_path_lib.sh'
[0.705s] Level 1:colcon.colcon_core.environment:checking '/home/astra/Documents/rover-Cameras/v4l2_camera_custom/install/v4l2_camera_custom/bin'
[0.705s] Level 1:colcon.colcon_core.environment:checking '/home/astra/Documents/rover-Cameras/v4l2_camera_custom/install/v4l2_camera_custom/lib/pkgconfig/v4l2_camera_custom.pc'
[0.706s] Level 1:colcon.colcon_core.environment:checking '/home/astra/Documents/rover-Cameras/v4l2_camera_custom/install/v4l2_camera_custom/lib/python3.10/site-packages'
[0.706s] Level 1:colcon.colcon_core.environment:checking '/home/astra/Documents/rover-Cameras/v4l2_camera_custom/install/v4l2_camera_custom/bin'
[0.706s] INFO:colcon.colcon_core.shell:Creating package script '/home/astra/Documents/rover-Cameras/v4l2_camera_custom/install/v4l2_camera_custom/share/v4l2_camera_custom/package.ps1'
[0.707s] INFO:colcon.colcon_core.shell:Creating package descriptor '/home/astra/Documents/rover-Cameras/v4l2_camera_custom/install/v4l2_camera_custom/share/v4l2_camera_custom/package.dsv'
[0.708s] INFO:colcon.colcon_core.shell:Creating package script '/home/astra/Documents/rover-Cameras/v4l2_camera_custom/install/v4l2_camera_custom/share/v4l2_camera_custom/package.sh'
[0.710s] INFO:colcon.colcon_core.shell:Creating package script '/home/astra/Documents/rover-Cameras/v4l2_camera_custom/install/v4l2_camera_custom/share/v4l2_camera_custom/package.bash'
[0.712s] INFO:colcon.colcon_core.shell:Creating package script '/home/astra/Documents/rover-Cameras/v4l2_camera_custom/install/v4l2_camera_custom/share/v4l2_camera_custom/package.zsh'
[0.713s] Level 1:colcon.colcon_core.environment:create_file_with_runtime_dependencies(/home/astra/Documents/rover-Cameras/v4l2_camera_custom/install/v4l2_camera_custom/share/colcon-core/packages/v4l2_camera_custom)
[0.751s] Level 1:colcon.colcon_core.environment:create_environment_scripts_only(v4l2_camera_custom)
[0.752s] Level 1:colcon.colcon_core.environment:checking '/home/astra/Documents/rover-Cameras/v4l2_camera_custom/install/v4l2_camera_custom' for CMake module files
[0.753s] Level 1:colcon.colcon_core.environment:checking '/home/astra/Documents/rover-Cameras/v4l2_camera_custom/install/v4l2_camera_custom' for CMake config files
[0.753s] Level 1:colcon.colcon_core.shell:create_environment_hook('v4l2_camera_custom', 'cmake_prefix_path')
[0.754s] INFO:colcon.colcon_core.shell:Creating environment hook '/home/astra/Documents/rover-Cameras/v4l2_camera_custom/install/v4l2_camera_custom/share/v4l2_camera_custom/hook/cmake_prefix_path.ps1'
[0.754s] INFO:colcon.colcon_core.shell:Creating environment descriptor '/home/astra/Documents/rover-Cameras/v4l2_camera_custom/install/v4l2_camera_custom/share/v4l2_camera_custom/hook/cmake_prefix_path.dsv'
[0.755s] INFO:colcon.colcon_core.shell:Creating environment hook '/home/astra/Documents/rover-Cameras/v4l2_camera_custom/install/v4l2_camera_custom/share/v4l2_camera_custom/hook/cmake_prefix_path.sh'
[0.756s] Level 1:colcon.colcon_core.environment:checking '/home/astra/Documents/rover-Cameras/v4l2_camera_custom/install/v4l2_camera_custom/lib'
[0.756s] Level 1:colcon.colcon_core.shell:create_environment_hook('v4l2_camera_custom', 'ld_library_path_lib')
[0.756s] INFO:colcon.colcon_core.shell:Creating environment hook '/home/astra/Documents/rover-Cameras/v4l2_camera_custom/install/v4l2_camera_custom/share/v4l2_camera_custom/hook/ld_library_path_lib.ps1'
[0.756s] INFO:colcon.colcon_core.shell:Creating environment descriptor '/home/astra/Documents/rover-Cameras/v4l2_camera_custom/install/v4l2_camera_custom/share/v4l2_camera_custom/hook/ld_library_path_lib.dsv'
[0.757s] INFO:colcon.colcon_core.shell:Creating environment hook '/home/astra/Documents/rover-Cameras/v4l2_camera_custom/install/v4l2_camera_custom/share/v4l2_camera_custom/hook/ld_library_path_lib.sh'
[0.757s] Level 1:colcon.colcon_core.environment:checking '/home/astra/Documents/rover-Cameras/v4l2_camera_custom/install/v4l2_camera_custom/bin'
[0.758s] Level 1:colcon.colcon_core.environment:checking '/home/astra/Documents/rover-Cameras/v4l2_camera_custom/install/v4l2_camera_custom/lib/pkgconfig/v4l2_camera_custom.pc'
[0.758s] Level 1:colcon.colcon_core.environment:checking '/home/astra/Documents/rover-Cameras/v4l2_camera_custom/install/v4l2_camera_custom/lib/python3.10/site-packages'
[0.758s] Level 1:colcon.colcon_core.environment:checking '/home/astra/Documents/rover-Cameras/v4l2_camera_custom/install/v4l2_camera_custom/bin'
[0.759s] INFO:colcon.colcon_core.shell:Creating package script '/home/astra/Documents/rover-Cameras/v4l2_camera_custom/install/v4l2_camera_custom/share/v4l2_camera_custom/package.ps1'
[0.759s] INFO:colcon.colcon_core.shell:Creating package descriptor '/home/astra/Documents/rover-Cameras/v4l2_camera_custom/install/v4l2_camera_custom/share/v4l2_camera_custom/package.dsv'
[0.760s] INFO:colcon.colcon_core.shell:Creating package script '/home/astra/Documents/rover-Cameras/v4l2_camera_custom/install/v4l2_camera_custom/share/v4l2_camera_custom/package.sh'
[0.761s] INFO:colcon.colcon_core.shell:Creating package script '/home/astra/Documents/rover-Cameras/v4l2_camera_custom/install/v4l2_camera_custom/share/v4l2_camera_custom/package.bash'
[0.761s] INFO:colcon.colcon_core.shell:Creating package script '/home/astra/Documents/rover-Cameras/v4l2_camera_custom/install/v4l2_camera_custom/share/v4l2_camera_custom/package.zsh'
[0.762s] Level 1:colcon.colcon_core.environment:create_file_with_runtime_dependencies(/home/astra/Documents/rover-Cameras/v4l2_camera_custom/install/v4l2_camera_custom/share/colcon-core/packages/v4l2_camera_custom)
[0.762s] DEBUG:colcon.colcon_parallel_executor.executor.parallel:closing loop
[0.763s] DEBUG:colcon.colcon_parallel_executor.executor.parallel:loop closed
[0.763s] DEBUG:colcon.colcon_parallel_executor.executor.parallel:run_until_complete finished with '0'
[0.763s] DEBUG:colcon.colcon_core.event_reactor:joining thread
[0.770s] INFO:colcon.colcon_core.plugin_system:Skipping extension 'colcon_notification.desktop_notification.terminal_notifier': Not used on non-Darwin systems
[0.770s] INFO:colcon.colcon_core.plugin_system:Skipping extension 'colcon_notification.desktop_notification.win32': Not used on non-Windows systems
[0.770s] INFO:colcon.colcon_notification.desktop_notification:Sending desktop notification using 'notify2'
[0.789s] DEBUG:colcon.colcon_core.event_reactor:joined thread
[0.789s] INFO:colcon.colcon_core.shell:Creating prefix script '/home/astra/Documents/rover-Cameras/v4l2_camera_custom/install/local_setup.ps1'
[0.790s] INFO:colcon.colcon_core.shell:Creating prefix util module '/home/astra/Documents/rover-Cameras/v4l2_camera_custom/install/_local_setup_util_ps1.py'
[0.792s] INFO:colcon.colcon_core.shell:Creating prefix chain script '/home/astra/Documents/rover-Cameras/v4l2_camera_custom/install/setup.ps1'
[0.796s] INFO:colcon.colcon_core.shell:Creating prefix script '/home/astra/Documents/rover-Cameras/v4l2_camera_custom/install/local_setup.sh'
[0.798s] INFO:colcon.colcon_core.shell:Creating prefix util module '/home/astra/Documents/rover-Cameras/v4l2_camera_custom/install/_local_setup_util_sh.py'
[0.800s] INFO:colcon.colcon_core.shell:Creating prefix chain script '/home/astra/Documents/rover-Cameras/v4l2_camera_custom/install/setup.sh'
[0.802s] INFO:colcon.colcon_core.shell:Creating prefix script '/home/astra/Documents/rover-Cameras/v4l2_camera_custom/install/local_setup.bash'
[0.803s] INFO:colcon.colcon_core.shell:Creating prefix chain script '/home/astra/Documents/rover-Cameras/v4l2_camera_custom/install/setup.bash'
[0.805s] INFO:colcon.colcon_core.shell:Creating prefix script '/home/astra/Documents/rover-Cameras/v4l2_camera_custom/install/local_setup.zsh'
[0.806s] INFO:colcon.colcon_core.shell:Creating prefix chain script '/home/astra/Documents/rover-Cameras/v4l2_camera_custom/install/setup.zsh'
