-- The C compiler identification is GNU 11.4.0
-- The CXX compiler identification is GNU 11.4.0
-- Detecting C compiler ABI info
-- Detecting C compiler ABI info - done
-- Check for working C compiler: /usr/bin/cc - skipped
-- Detecting C compile features
-- Detecting C compile features - done
-- Detecting CXX compiler ABI info
-- Detecting CXX compiler ABI info - done
-- Check for working CXX compiler: /usr/bin/c++ - skipped
-- Detecting CXX compile features
-- Detecting CXX compile features - done
-- Found ament_cmake_auto: 1.3.8 (/opt/ros/humble/share/ament_cmake_auto/cmake)
-- Found Python3: /usr/bin/python3 (found version "3.10.12") found components: Interpreter 
-- Found rosidl_generator_c: 3.1.5 (/opt/ros/humble/share/rosidl_generator_c/cmake)
-- Found rosidl_adapter: 3.1.5 (/opt/ros/humble/share/rosidl_adapter/cmake)
-- Found rosidl_generator_cpp: 3.1.5 (/opt/ros/humble/share/rosidl_generator_cpp/cmake)
-- Using all available rosidl_typesupport_c: rosidl_typesupport_fastrtps_c;rosidl_typesupport_introspection_c
-- Using all available rosidl_typesupport_cpp: rosidl_typesupport_fastrtps_cpp;rosidl_typesupport_introspection_cpp
-- Found rmw_implementation_cmake: 6.1.1 (/opt/ros/humble/share/rmw_implementation_cmake/cmake)
-- Found rmw_fastrtps_cpp: 6.2.6 (/opt/ros/humble/share/rmw_fastrtps_cpp/cmake)
-- Found OpenSSL: /usr/lib/x86_64-linux-gnu/libcrypto.so (found version "3.0.2")  
-- Found FastRTPS: /opt/ros/humble/include  
-- Using RMW implementation 'rmw_fastrtps_cpp' as default
-- Looking for pthread.h
-- Looking for pthread.h - found
-- Performing Test CMAKE_HAVE_LIBC_PTHREAD
-- Performing Test CMAKE_HAVE_LIBC_PTHREAD - Success
-- Found Threads: TRUE  
[0mCUDA_TOOLKIT_ROOT_DIR not found or specified[0m
-- Could NOT find CUDA (missing: CUDA_TOOLKIT_ROOT_DIR CUDA_NVCC_EXECUTABLE CUDA_INCLUDE_DIRS CUDA_CUDART_LIBRARY) 
-- Found ament_lint_auto: 0.12.10 (/opt/ros/humble/share/ament_lint_auto/cmake)
-- Added test 'cppcheck' to perform static code analysis on C / C++ code
-- Configured cppcheck include dirs: $<BUILD_INTERFACE:/home/astra/Documents/rover-Cameras/v4l2_camera_custom/include>
-- Configured cppcheck exclude dirs and/or files: 
-- Added test 'cpplint' to check C / C++ code against the Google style
-- Configured cpplint exclude dirs and/or files: 
-- Added test 'flake8' to check Python code syntax and style conventions
-- Added test 'lint_cmake' to check CMake code style
-- Added test 'pep257' to check Python code against some of the docstring style conventions in PEP 257
-- Added test 'uncrustify' to check C / C++ code style
-- Configured uncrustify additional arguments: 
-- Added test 'xmllint' to check XML markup files
-- Configuring done
-- Generating done
-- Build files have been written to: /home/astra/Documents/rover-Cameras/v4l2_camera_custom/build/v4l2_camera_custom
[ 28%] [32mBuilding CXX object CMakeFiles/v4l2_camera.dir/src/v4l2_camera_device.cpp.o[0m
[ 28%] [32mBuilding CXX object CMakeFiles/v4l2_camera.dir/src/v4l2_camera.cpp.o[0m
[ 42%] [32m[1mLinking CXX shared library libv4l2_camera.so[0m
[ 42%] Built target v4l2_camera
[ 57%] [32mBuilding CXX object CMakeFiles/v4l2_camera_node.dir/src/v4l2_camera_node.cpp.o[0m
[ 71%] [32mBuilding CXX object CMakeFiles/v4l2_camera_compose_test.dir/src/v4l2_camera_compose_test.cpp.o[0m
[ 85%] [32m[1mLinking CXX executable v4l2_camera_node[0m
[ 85%] Built target v4l2_camera_node
[100%] [32m[1mLinking CXX executable v4l2_camera_compose_test[0m
[100%] Built target v4l2_camera_compose_test
-- Install configuration: ""
-- Installing: /home/astra/Documents/rover-Cameras/v4l2_camera_custom/install/v4l2_camera_custom/include
-- Installing: /home/astra/Documents/rover-Cameras/v4l2_camera_custom/install/v4l2_camera_custom/include/v4l2_camera
-- Installing: /home/astra/Documents/rover-Cameras/v4l2_camera_custom/install/v4l2_camera_custom/include/v4l2_camera/pixel_format.hpp
-- Installing: /home/astra/Documents/rover-Cameras/v4l2_camera_custom/install/v4l2_camera_custom/include/v4l2_camera/fourcc.hpp
-- Installing: /home/astra/Documents/rover-Cameras/v4l2_camera_custom/install/v4l2_camera_custom/include/v4l2_camera/v4l2_camera_device.hpp
-- Installing: /home/astra/Documents/rover-Cameras/v4l2_camera_custom/install/v4l2_camera_custom/include/v4l2_camera/visibility_control.h
-- Installing: /home/astra/Documents/rover-Cameras/v4l2_camera_custom/install/v4l2_camera_custom/include/v4l2_camera/image_format.hpp
-- Installing: /home/astra/Documents/rover-Cameras/v4l2_camera_custom/install/v4l2_camera_custom/include/v4l2_camera/control.hpp
-- Installing: /home/astra/Documents/rover-Cameras/v4l2_camera_custom/install/v4l2_camera_custom/include/v4l2_camera/v4l2_camera.hpp
-- Installing: /home/astra/Documents/rover-Cameras/v4l2_camera_custom/install/v4l2_camera_custom/lib/libv4l2_camera.so
-- Set runtime path of "/home/astra/Documents/rover-Cameras/v4l2_camera_custom/install/v4l2_camera_custom/lib/libv4l2_camera.so" to ""
-- Installing: /home/astra/Documents/rover-Cameras/v4l2_camera_custom/install/v4l2_camera_custom/lib/v4l2_camera_custom/v4l2_camera_node
-- Set runtime path of "/home/astra/Documents/rover-Cameras/v4l2_camera_custom/install/v4l2_camera_custom/lib/v4l2_camera_custom/v4l2_camera_node" to ""
-- Installing: /home/astra/Documents/rover-Cameras/v4l2_camera_custom/install/v4l2_camera_custom/lib/v4l2_camera_custom/v4l2_camera_compose_test
-- Set runtime path of "/home/astra/Documents/rover-Cameras/v4l2_camera_custom/install/v4l2_camera_custom/lib/v4l2_camera_custom/v4l2_camera_compose_test" to ""
-- Installing: /home/astra/Documents/rover-Cameras/v4l2_camera_custom/install/v4l2_camera_custom/share/v4l2_camera_custom/environment/library_path.sh
-- Installing: /home/astra/Documents/rover-Cameras/v4l2_camera_custom/install/v4l2_camera_custom/share/v4l2_camera_custom/environment/library_path.dsv
-- Up-to-date: /home/astra/Documents/rover-Cameras/v4l2_camera_custom/install/v4l2_camera_custom/include
-- Up-to-date: /home/astra/Documents/rover-Cameras/v4l2_camera_custom/install/v4l2_camera_custom/include/v4l2_camera
-- Up-to-date: /home/astra/Documents/rover-Cameras/v4l2_camera_custom/install/v4l2_camera_custom/include/v4l2_camera/pixel_format.hpp
-- Up-to-date: /home/astra/Documents/rover-Cameras/v4l2_camera_custom/install/v4l2_camera_custom/include/v4l2_camera/fourcc.hpp
-- Up-to-date: /home/astra/Documents/rover-Cameras/v4l2_camera_custom/install/v4l2_camera_custom/include/v4l2_camera/v4l2_camera_device.hpp
-- Up-to-date: /home/astra/Documents/rover-Cameras/v4l2_camera_custom/install/v4l2_camera_custom/include/v4l2_camera/visibility_control.h
-- Up-to-date: /home/astra/Documents/rover-Cameras/v4l2_camera_custom/install/v4l2_camera_custom/include/v4l2_camera/image_format.hpp
-- Up-to-date: /home/astra/Documents/rover-Cameras/v4l2_camera_custom/install/v4l2_camera_custom/include/v4l2_camera/control.hpp
-- Up-to-date: /home/astra/Documents/rover-Cameras/v4l2_camera_custom/install/v4l2_camera_custom/include/v4l2_camera/v4l2_camera.hpp
-- Installing: /home/astra/Documents/rover-Cameras/v4l2_camera_custom/install/v4l2_camera_custom/share/v4l2_camera_custom/launch
-- Installing: /home/astra/Documents/rover-Cameras/v4l2_camera_custom/install/v4l2_camera_custom/share/v4l2_camera_custom/launch/v4l2_camera.launch.py
-- Installing: /home/astra/Documents/rover-Cameras/v4l2_camera_custom/install/v4l2_camera_custom/share/ament_index/resource_index/package_run_dependencies/v4l2_camera_custom
-- Installing: /home/astra/Documents/rover-Cameras/v4l2_camera_custom/install/v4l2_camera_custom/share/ament_index/resource_index/parent_prefix_path/v4l2_camera_custom
-- Installing: /home/astra/Documents/rover-Cameras/v4l2_camera_custom/install/v4l2_camera_custom/share/v4l2_camera_custom/environment/ament_prefix_path.sh
-- Installing: /home/astra/Documents/rover-Cameras/v4l2_camera_custom/install/v4l2_camera_custom/share/v4l2_camera_custom/environment/ament_prefix_path.dsv
-- Installing: /home/astra/Documents/rover-Cameras/v4l2_camera_custom/install/v4l2_camera_custom/share/v4l2_camera_custom/environment/path.sh
-- Installing: /home/astra/Documents/rover-Cameras/v4l2_camera_custom/install/v4l2_camera_custom/share/v4l2_camera_custom/environment/path.dsv
-- Installing: /home/astra/Documents/rover-Cameras/v4l2_camera_custom/install/v4l2_camera_custom/share/v4l2_camera_custom/local_setup.bash
-- Installing: /home/astra/Documents/rover-Cameras/v4l2_camera_custom/install/v4l2_camera_custom/share/v4l2_camera_custom/local_setup.sh
-- Installing: /home/astra/Documents/rover-Cameras/v4l2_camera_custom/install/v4l2_camera_custom/share/v4l2_camera_custom/local_setup.zsh
-- Installing: /home/astra/Documents/rover-Cameras/v4l2_camera_custom/install/v4l2_camera_custom/share/v4l2_camera_custom/local_setup.dsv
-- Installing: /home/astra/Documents/rover-Cameras/v4l2_camera_custom/install/v4l2_camera_custom/share/v4l2_camera_custom/package.dsv
-- Installing: /home/astra/Documents/rover-Cameras/v4l2_camera_custom/install/v4l2_camera_custom/share/ament_index/resource_index/packages/v4l2_camera_custom
-- Installing: /home/astra/Documents/rover-Cameras/v4l2_camera_custom/install/v4l2_camera_custom/share/ament_index/resource_index/rclcpp_components/v4l2_camera_custom
-- Installing: /home/astra/Documents/rover-Cameras/v4l2_camera_custom/install/v4l2_camera_custom/share/v4l2_camera_custom/cmake/export_v4l2_camera_customExport.cmake
-- Installing: /home/astra/Documents/rover-Cameras/v4l2_camera_custom/install/v4l2_camera_custom/share/v4l2_camera_custom/cmake/export_v4l2_camera_customExport-noconfig.cmake
-- Installing: /home/astra/Documents/rover-Cameras/v4l2_camera_custom/install/v4l2_camera_custom/share/v4l2_camera_custom/cmake/ament_cmake_export_include_directories-extras.cmake
-- Installing: /home/astra/Documents/rover-Cameras/v4l2_camera_custom/install/v4l2_camera_custom/share/v4l2_camera_custom/cmake/ament_cmake_export_targets-extras.cmake
-- Installing: /home/astra/Documents/rover-Cameras/v4l2_camera_custom/install/v4l2_camera_custom/share/v4l2_camera_custom/cmake/ament_cmake_export_libraries-extras.cmake
-- Installing: /home/astra/Documents/rover-Cameras/v4l2_camera_custom/install/v4l2_camera_custom/share/v4l2_camera_custom/cmake/ament_cmake_export_dependencies-extras.cmake
-- Installing: /home/astra/Documents/rover-Cameras/v4l2_camera_custom/install/v4l2_camera_custom/share/v4l2_camera_custom/cmake/v4l2_camera_customConfig.cmake
-- Installing: /home/astra/Documents/rover-Cameras/v4l2_camera_custom/install/v4l2_camera_custom/share/v4l2_camera_custom/cmake/v4l2_camera_customConfig-version.cmake
-- Installing: /home/astra/Documents/rover-Cameras/v4l2_camera_custom/install/v4l2_camera_custom/share/v4l2_camera_custom/package.xml
