[0.013s] Invoking command in '/home/astra/Documents/rover-Cameras/v4l2_camera_custom/build/v4l2_camera_custom': CMAKE_PREFIX_PATH=${CMAKE_PREFIX_PATH}:/home/astra/Documents/rover-Core/core_ws/install/mac_headless_pkg:/home/astra/Documents/rover-Core/core_ws/install/headless_pkg:/home/astra/Documents/rover-Core/core_ws/install/core_pkg:/opt/ros/humble /usr/bin/cmake /home/astra/Documents/rover-Cameras/v4l2_camera_custom -DCMAKE_INSTALL_PREFIX=/home/astra/Documents/rover-Cameras/v4l2_camera_custom/install/v4l2_camera_custom
[0.089s] -- The C compiler identification is GNU 11.4.0
[0.168s] -- The CXX compiler identification is GNU 11.4.0
[0.177s] -- Detecting C compiler ABI info
[0.267s] -- Detecting C compiler ABI info - done
[0.278s] -- Check for working C compiler: /usr/bin/cc - skipped
[0.278s] -- Detecting C compile features
[0.279s] -- Detecting C compile features - done
[0.284s] -- Detecting CXX compiler ABI info
[0.388s] -- Detecting CXX compiler ABI info - done
[0.398s] -- Check for working CXX compiler: /usr/bin/c++ - skipped
[0.399s] -- Detecting CXX compile features
[0.399s] -- Detecting CXX compile features - done
[0.402s] -- Found ament_cmake_auto: 1.3.8 (/opt/ros/humble/share/ament_cmake_auto/cmake)
[0.634s] -- Found Python3: /usr/bin/python3 (found version "3.10.12") found components: Interpreter 
[0.916s] -- Found rosidl_generator_c: 3.1.5 (/opt/ros/humble/share/rosidl_generator_c/cmake)
[0.922s] -- Found rosidl_adapter: 3.1.5 (/opt/ros/humble/share/rosidl_adapter/cmake)
[0.934s] -- Found rosidl_generator_cpp: 3.1.5 (/opt/ros/humble/share/rosidl_generator_cpp/cmake)
[0.954s] -- Using all available rosidl_typesupport_c: rosidl_typesupport_fastrtps_c;rosidl_typesupport_introspection_c
[0.984s] -- Using all available rosidl_typesupport_cpp: rosidl_typesupport_fastrtps_cpp;rosidl_typesupport_introspection_cpp
[1.084s] -- Found rmw_implementation_cmake: 6.1.1 (/opt/ros/humble/share/rmw_implementation_cmake/cmake)
[1.088s] -- Found rmw_fastrtps_cpp: 6.2.6 (/opt/ros/humble/share/rmw_fastrtps_cpp/cmake)
[1.214s] -- Found OpenSSL: /usr/lib/x86_64-linux-gnu/libcrypto.so (found version "3.0.2")  
[1.249s] -- Found FastRTPS: /opt/ros/humble/include  
[1.309s] -- Using RMW implementation 'rmw_fastrtps_cpp' as default
[1.322s] -- Looking for pthread.h
[1.414s] -- Looking for pthread.h - found
[1.414s] -- Performing Test CMAKE_HAVE_LIBC_PTHREAD
[1.506s] -- Performing Test CMAKE_HAVE_LIBC_PTHREAD - Success
[1.507s] -- Found Threads: TRUE  
[2.156s] [0mCUDA_TOOLKIT_ROOT_DIR not found or specified[0m
[2.167s] -- Could NOT find CUDA (missing: CUDA_TOOLKIT_ROOT_DIR CUDA_NVCC_EXECUTABLE CUDA_INCLUDE_DIRS CUDA_CUDART_LIBRARY) 
[2.172s] -- Found ament_lint_auto: 0.12.10 (/opt/ros/humble/share/ament_lint_auto/cmake)
[2.215s] -- Added test 'cppcheck' to perform static code analysis on C / C++ code
[2.215s] -- Configured cppcheck include dirs: $<BUILD_INTERFACE:/home/astra/Documents/rover-Cameras/v4l2_camera_custom/include>
[2.215s] -- Configured cppcheck exclude dirs and/or files: 
[2.235s] -- Added test 'cpplint' to check C / C++ code against the Google style
[2.235s] -- Configured cpplint exclude dirs and/or files: 
[2.239s] -- Added test 'flake8' to check Python code syntax and style conventions
[2.244s] -- Added test 'lint_cmake' to check CMake code style
[2.248s] -- Added test 'pep257' to check Python code against some of the docstring style conventions in PEP 257
[2.269s] -- Added test 'uncrustify' to check C / C++ code style
[2.269s] -- Configured uncrustify additional arguments: 
[2.272s] -- Added test 'xmllint' to check XML markup files
[2.277s] -- Configuring done
[2.302s] -- Generating done
[2.306s] -- Build files have been written to: /home/astra/Documents/rover-Cameras/v4l2_camera_custom/build/v4l2_camera_custom
[2.323s] Invoked command in '/home/astra/Documents/rover-Cameras/v4l2_camera_custom/build/v4l2_camera_custom' returned '0': CMAKE_PREFIX_PATH=${CMAKE_PREFIX_PATH}:/home/astra/Documents/rover-Core/core_ws/install/mac_headless_pkg:/home/astra/Documents/rover-Core/core_ws/install/headless_pkg:/home/astra/Documents/rover-Core/core_ws/install/core_pkg:/opt/ros/humble /usr/bin/cmake /home/astra/Documents/rover-Cameras/v4l2_camera_custom -DCMAKE_INSTALL_PREFIX=/home/astra/Documents/rover-Cameras/v4l2_camera_custom/install/v4l2_camera_custom
[2.326s] Invoking command in '/home/astra/Documents/rover-Cameras/v4l2_camera_custom/build/v4l2_camera_custom': CMAKE_PREFIX_PATH=${CMAKE_PREFIX_PATH}:/home/astra/Documents/rover-Core/core_ws/install/mac_headless_pkg:/home/astra/Documents/rover-Core/core_ws/install/headless_pkg:/home/astra/Documents/rover-Core/core_ws/install/core_pkg:/opt/ros/humble /usr/bin/cmake --build /home/astra/Documents/rover-Cameras/v4l2_camera_custom/build/v4l2_camera_custom -- -j4 -l4
[2.393s] [ 28%] [32mBuilding CXX object CMakeFiles/v4l2_camera.dir/src/v4l2_camera_device.cpp.o[0m
[2.393s] [ 28%] [32mBuilding CXX object CMakeFiles/v4l2_camera.dir/src/v4l2_camera.cpp.o[0m
[11.956s] [ 42%] [32m[1mLinking CXX shared library libv4l2_camera.so[0m
[12.392s] [ 42%] Built target v4l2_camera
[12.418s] [ 57%] [32mBuilding CXX object CMakeFiles/v4l2_camera_node.dir/src/v4l2_camera_node.cpp.o[0m
[12.419s] [ 71%] [32mBuilding CXX object CMakeFiles/v4l2_camera_compose_test.dir/src/v4l2_camera_compose_test.cpp.o[0m
[17.640s] [ 85%] [32m[1mLinking CXX executable v4l2_camera_node[0m
[17.997s] [ 85%] Built target v4l2_camera_node
[26.120s] [100%] [32m[1mLinking CXX executable v4l2_camera_compose_test[0m
[26.856s] [100%] Built target v4l2_camera_compose_test
[26.871s] Invoked command in '/home/astra/Documents/rover-Cameras/v4l2_camera_custom/build/v4l2_camera_custom' returned '0': CMAKE_PREFIX_PATH=${CMAKE_PREFIX_PATH}:/home/astra/Documents/rover-Core/core_ws/install/mac_headless_pkg:/home/astra/Documents/rover-Core/core_ws/install/headless_pkg:/home/astra/Documents/rover-Core/core_ws/install/core_pkg:/opt/ros/humble /usr/bin/cmake --build /home/astra/Documents/rover-Cameras/v4l2_camera_custom/build/v4l2_camera_custom -- -j4 -l4
[26.920s] Invoking command in '/home/astra/Documents/rover-Cameras/v4l2_camera_custom/build/v4l2_camera_custom': CMAKE_PREFIX_PATH=${CMAKE_PREFIX_PATH}:/home/astra/Documents/rover-Core/core_ws/install/mac_headless_pkg:/home/astra/Documents/rover-Core/core_ws/install/headless_pkg:/home/astra/Documents/rover-Core/core_ws/install/core_pkg:/opt/ros/humble /usr/bin/cmake --install /home/astra/Documents/rover-Cameras/v4l2_camera_custom/build/v4l2_camera_custom
[26.929s] -- Install configuration: ""
[26.929s] -- Installing: /home/astra/Documents/rover-Cameras/v4l2_camera_custom/install/v4l2_camera_custom/include
[26.930s] -- Installing: /home/astra/Documents/rover-Cameras/v4l2_camera_custom/install/v4l2_camera_custom/include/v4l2_camera
[26.930s] -- Installing: /home/astra/Documents/rover-Cameras/v4l2_camera_custom/install/v4l2_camera_custom/include/v4l2_camera/pixel_format.hpp
[26.930s] -- Installing: /home/astra/Documents/rover-Cameras/v4l2_camera_custom/install/v4l2_camera_custom/include/v4l2_camera/fourcc.hpp
[26.931s] -- Installing: /home/astra/Documents/rover-Cameras/v4l2_camera_custom/install/v4l2_camera_custom/include/v4l2_camera/v4l2_camera_device.hpp
[26.931s] -- Installing: /home/astra/Documents/rover-Cameras/v4l2_camera_custom/install/v4l2_camera_custom/include/v4l2_camera/visibility_control.h
[26.931s] -- Installing: /home/astra/Documents/rover-Cameras/v4l2_camera_custom/install/v4l2_camera_custom/include/v4l2_camera/image_format.hpp
[26.931s] -- Installing: /home/astra/Documents/rover-Cameras/v4l2_camera_custom/install/v4l2_camera_custom/include/v4l2_camera/control.hpp
[26.931s] -- Installing: /home/astra/Documents/rover-Cameras/v4l2_camera_custom/install/v4l2_camera_custom/include/v4l2_camera/v4l2_camera.hpp
[26.931s] -- Installing: /home/astra/Documents/rover-Cameras/v4l2_camera_custom/install/v4l2_camera_custom/lib/libv4l2_camera.so
[26.935s] -- Set runtime path of "/home/astra/Documents/rover-Cameras/v4l2_camera_custom/install/v4l2_camera_custom/lib/libv4l2_camera.so" to ""
[26.935s] -- Installing: /home/astra/Documents/rover-Cameras/v4l2_camera_custom/install/v4l2_camera_custom/lib/v4l2_camera_custom/v4l2_camera_node
[26.936s] -- Set runtime path of "/home/astra/Documents/rover-Cameras/v4l2_camera_custom/install/v4l2_camera_custom/lib/v4l2_camera_custom/v4l2_camera_node" to ""
[26.936s] -- Installing: /home/astra/Documents/rover-Cameras/v4l2_camera_custom/install/v4l2_camera_custom/lib/v4l2_camera_custom/v4l2_camera_compose_test
[26.941s] -- Set runtime path of "/home/astra/Documents/rover-Cameras/v4l2_camera_custom/install/v4l2_camera_custom/lib/v4l2_camera_custom/v4l2_camera_compose_test" to ""
[26.941s] -- Installing: /home/astra/Documents/rover-Cameras/v4l2_camera_custom/install/v4l2_camera_custom/share/v4l2_camera_custom/environment/library_path.sh
[26.941s] -- Installing: /home/astra/Documents/rover-Cameras/v4l2_camera_custom/install/v4l2_camera_custom/share/v4l2_camera_custom/environment/library_path.dsv
[26.941s] -- Up-to-date: /home/astra/Documents/rover-Cameras/v4l2_camera_custom/install/v4l2_camera_custom/include
[26.941s] -- Up-to-date: /home/astra/Documents/rover-Cameras/v4l2_camera_custom/install/v4l2_camera_custom/include/v4l2_camera
[26.942s] -- Up-to-date: /home/astra/Documents/rover-Cameras/v4l2_camera_custom/install/v4l2_camera_custom/include/v4l2_camera/pixel_format.hpp
[26.942s] -- Up-to-date: /home/astra/Documents/rover-Cameras/v4l2_camera_custom/install/v4l2_camera_custom/include/v4l2_camera/fourcc.hpp
[26.943s] -- Up-to-date: /home/astra/Documents/rover-Cameras/v4l2_camera_custom/install/v4l2_camera_custom/include/v4l2_camera/v4l2_camera_device.hpp
[26.943s] -- Up-to-date: /home/astra/Documents/rover-Cameras/v4l2_camera_custom/install/v4l2_camera_custom/include/v4l2_camera/visibility_control.h
[26.943s] -- Up-to-date: /home/astra/Documents/rover-Cameras/v4l2_camera_custom/install/v4l2_camera_custom/include/v4l2_camera/image_format.hpp
[26.943s] -- Up-to-date: /home/astra/Documents/rover-Cameras/v4l2_camera_custom/install/v4l2_camera_custom/include/v4l2_camera/control.hpp
[26.943s] -- Up-to-date: /home/astra/Documents/rover-Cameras/v4l2_camera_custom/install/v4l2_camera_custom/include/v4l2_camera/v4l2_camera.hpp
[26.943s] -- Installing: /home/astra/Documents/rover-Cameras/v4l2_camera_custom/install/v4l2_camera_custom/share/v4l2_camera_custom/launch
[26.943s] -- Installing: /home/astra/Documents/rover-Cameras/v4l2_camera_custom/install/v4l2_camera_custom/share/v4l2_camera_custom/launch/v4l2_camera.launch.py
[26.944s] -- Installing: /home/astra/Documents/rover-Cameras/v4l2_camera_custom/install/v4l2_camera_custom/share/ament_index/resource_index/package_run_dependencies/v4l2_camera_custom
[26.944s] -- Installing: /home/astra/Documents/rover-Cameras/v4l2_camera_custom/install/v4l2_camera_custom/share/ament_index/resource_index/parent_prefix_path/v4l2_camera_custom
[26.944s] -- Installing: /home/astra/Documents/rover-Cameras/v4l2_camera_custom/install/v4l2_camera_custom/share/v4l2_camera_custom/environment/ament_prefix_path.sh
[26.944s] -- Installing: /home/astra/Documents/rover-Cameras/v4l2_camera_custom/install/v4l2_camera_custom/share/v4l2_camera_custom/environment/ament_prefix_path.dsv
[26.944s] -- Installing: /home/astra/Documents/rover-Cameras/v4l2_camera_custom/install/v4l2_camera_custom/share/v4l2_camera_custom/environment/path.sh
[26.944s] -- Installing: /home/astra/Documents/rover-Cameras/v4l2_camera_custom/install/v4l2_camera_custom/share/v4l2_camera_custom/environment/path.dsv
[26.945s] -- Installing: /home/astra/Documents/rover-Cameras/v4l2_camera_custom/install/v4l2_camera_custom/share/v4l2_camera_custom/local_setup.bash
[26.945s] -- Installing: /home/astra/Documents/rover-Cameras/v4l2_camera_custom/install/v4l2_camera_custom/share/v4l2_camera_custom/local_setup.sh
[26.945s] -- Installing: /home/astra/Documents/rover-Cameras/v4l2_camera_custom/install/v4l2_camera_custom/share/v4l2_camera_custom/local_setup.zsh
[26.945s] -- Installing: /home/astra/Documents/rover-Cameras/v4l2_camera_custom/install/v4l2_camera_custom/share/v4l2_camera_custom/local_setup.dsv
[26.946s] -- Installing: /home/astra/Documents/rover-Cameras/v4l2_camera_custom/install/v4l2_camera_custom/share/v4l2_camera_custom/package.dsv
[26.946s] -- Installing: /home/astra/Documents/rover-Cameras/v4l2_camera_custom/install/v4l2_camera_custom/share/ament_index/resource_index/packages/v4l2_camera_custom
[26.946s] -- Installing: /home/astra/Documents/rover-Cameras/v4l2_camera_custom/install/v4l2_camera_custom/share/ament_index/resource_index/rclcpp_components/v4l2_camera_custom
[26.946s] -- Installing: /home/astra/Documents/rover-Cameras/v4l2_camera_custom/install/v4l2_camera_custom/share/v4l2_camera_custom/cmake/export_v4l2_camera_customExport.cmake
[26.946s] -- Installing: /home/astra/Documents/rover-Cameras/v4l2_camera_custom/install/v4l2_camera_custom/share/v4l2_camera_custom/cmake/export_v4l2_camera_customExport-noconfig.cmake
[26.947s] -- Installing: /home/astra/Documents/rover-Cameras/v4l2_camera_custom/install/v4l2_camera_custom/share/v4l2_camera_custom/cmake/ament_cmake_export_include_directories-extras.cmake
[26.947s] -- Installing: /home/astra/Documents/rover-Cameras/v4l2_camera_custom/install/v4l2_camera_custom/share/v4l2_camera_custom/cmake/ament_cmake_export_targets-extras.cmake
[26.947s] -- Installing: /home/astra/Documents/rover-Cameras/v4l2_camera_custom/install/v4l2_camera_custom/share/v4l2_camera_custom/cmake/ament_cmake_export_libraries-extras.cmake
[26.947s] -- Installing: /home/astra/Documents/rover-Cameras/v4l2_camera_custom/install/v4l2_camera_custom/share/v4l2_camera_custom/cmake/ament_cmake_export_dependencies-extras.cmake
[26.947s] -- Installing: /home/astra/Documents/rover-Cameras/v4l2_camera_custom/install/v4l2_camera_custom/share/v4l2_camera_custom/cmake/v4l2_camera_customConfig.cmake
[26.947s] -- Installing: /home/astra/Documents/rover-Cameras/v4l2_camera_custom/install/v4l2_camera_custom/share/v4l2_camera_custom/cmake/v4l2_camera_customConfig-version.cmake
[26.948s] -- Installing: /home/astra/Documents/rover-Cameras/v4l2_camera_custom/install/v4l2_camera_custom/share/v4l2_camera_custom/package.xml
[26.949s] Invoked command in '/home/astra/Documents/rover-Cameras/v4l2_camera_custom/build/v4l2_camera_custom' returned '0': CMAKE_PREFIX_PATH=${CMAKE_PREFIX_PATH}:/home/astra/Documents/rover-Core/core_ws/install/mac_headless_pkg:/home/astra/Documents/rover-Core/core_ws/install/headless_pkg:/home/astra/Documents/rover-Core/core_ws/install/core_pkg:/opt/ros/humble /usr/bin/cmake --install /home/astra/Documents/rover-Cameras/v4l2_camera_custom/build/v4l2_camera_custom
