[0.163s] DEBUG:colcon:Command line arguments: ['/usr/bin/colcon', 'build']
[0.163s] DEBUG:colcon:Parsed command line arguments: Namespace(log_base=None, log_level=None, verb_name='build', build_base='build', install_base='install', merge_install=False, symlink_install=False, test_result_base=None, continue_on_error=False, executor='parallel', parallel_workers=4, event_handlers=None, ignore_user_meta=False, metas=['./colcon.meta'], base_paths=['.'], packages_ignore=None, packages_ignore_regex=None, paths=None, packages_up_to=None, packages_up_to_regex=None, packages_above=None, packages_above_and_dependencies=None, packages_above_depth=None, packages_select_by_dep=None, packages_skip_by_dep=None, packages_skip_up_to=None, packages_select_build_failed=False, packages_skip_build_finished=False, packages_select_test_failures=False, packages_skip_test_passed=False, packages_select=None, packages_skip=None, packages_select_regex=None, packages_skip_regex=None, packages_start=None, packages_end=None, allow_overriding=[], cmake_args=None, cmake_target=None, cmake_target_skip_unavailable=False, cmake_clean_cache=False, cmake_clean_first=False, cmake_force_configure=False, ament_cmake_args=None, catkin_cmake_args=None, catkin_skip_building_tests=False, verb_parser=<colcon_defaults.argument_parser.defaults.DefaultArgumentsDecorator object at 0x7d66b39ff6d0>, verb_extension=<colcon_core.verb.build.BuildVerb object at 0x7d66b39ff190>, main=<bound method BuildVerb.main of <colcon_core.verb.build.BuildVerb object at 0x7d66b39ff190>>)
[0.402s] Level 1:colcon.colcon_core.package_discovery:discover_packages(colcon_meta) check parameters
[0.403s] Level 1:colcon.colcon_core.package_discovery:discover_packages(recursive) check parameters
[0.403s] Level 1:colcon.colcon_core.package_discovery:discover_packages(ignore) check parameters
[0.403s] Level 1:colcon.colcon_core.package_discovery:discover_packages(path) check parameters
[0.403s] Level 1:colcon.colcon_core.package_discovery:discover_packages(colcon_meta) discover
[0.403s] Level 1:colcon.colcon_core.package_discovery:discover_packages(recursive) discover
[0.403s] INFO:colcon.colcon_core.package_discovery:Crawling recursively for packages in '/home/astra/Documents/rover-Cameras/ros2_v4l2_camera'
[0.404s] Level 1:colcon.colcon_core.package_identification:_identify(.) by extensions ['ignore', 'ignore_ament_install']
[0.404s] Level 1:colcon.colcon_core.package_identification:_identify(.) by extension 'ignore'
[0.404s] Level 1:colcon.colcon_core.package_identification:_identify(.) by extension 'ignore_ament_install'
[0.405s] Level 1:colcon.colcon_core.package_identification:_identify(.) by extensions ['colcon_pkg']
[0.405s] Level 1:colcon.colcon_core.package_identification:_identify(.) by extension 'colcon_pkg'
[0.405s] Level 1:colcon.colcon_core.package_identification:_identify(.) by extensions ['colcon_meta']
[0.405s] Level 1:colcon.colcon_core.package_identification:_identify(.) by extension 'colcon_meta'
[0.405s] Level 1:colcon.colcon_core.package_identification:_identify(.) by extensions ['ros']
[0.405s] Level 1:colcon.colcon_core.package_identification:_identify(.) by extension 'ros'
[0.428s] DEBUG:colcon.colcon_core.package_identification:Package '.' with type 'ros.ament_cmake' and name 'v4l2_camera'
[0.428s] Level 1:colcon.colcon_core.package_discovery:discover_packages(recursive) using defaults
[0.428s] Level 1:colcon.colcon_core.package_discovery:discover_packages(ignore) discover
[0.428s] Level 1:colcon.colcon_core.package_discovery:discover_packages(ignore) using defaults
[0.429s] Level 1:colcon.colcon_core.package_discovery:discover_packages(path) discover
[0.429s] Level 1:colcon.colcon_core.package_discovery:discover_packages(path) using defaults
[0.456s] Level 1:colcon.colcon_core.package_discovery:discover_packages(prefix_path) check parameters
[0.456s] Level 1:colcon.colcon_core.package_discovery:discover_packages(prefix_path) discover
[0.459s] DEBUG:colcon.colcon_installed_package_information.package_discovery:Found 4 installed packages in /home/astra/Documents/rover-Core/core_ws/install
[0.461s] DEBUG:colcon.colcon_installed_package_information.package_discovery:Found 276 installed packages in /opt/ros/humble
[0.463s] Level 1:colcon.colcon_core.package_discovery:discover_packages(prefix_path) using defaults
[0.543s] Level 5:colcon.colcon_core.verb:set package 'v4l2_camera' build argument 'cmake_args' from command line to 'None'
[0.543s] Level 5:colcon.colcon_core.verb:set package 'v4l2_camera' build argument 'cmake_target' from command line to 'None'
[0.543s] Level 5:colcon.colcon_core.verb:set package 'v4l2_camera' build argument 'cmake_target_skip_unavailable' from command line to 'False'
[0.543s] Level 5:colcon.colcon_core.verb:set package 'v4l2_camera' build argument 'cmake_clean_cache' from command line to 'False'
[0.543s] Level 5:colcon.colcon_core.verb:set package 'v4l2_camera' build argument 'cmake_clean_first' from command line to 'False'
[0.543s] Level 5:colcon.colcon_core.verb:set package 'v4l2_camera' build argument 'cmake_force_configure' from command line to 'False'
[0.543s] Level 5:colcon.colcon_core.verb:set package 'v4l2_camera' build argument 'ament_cmake_args' from command line to 'None'
[0.543s] Level 5:colcon.colcon_core.verb:set package 'v4l2_camera' build argument 'catkin_cmake_args' from command line to 'None'
[0.543s] Level 5:colcon.colcon_core.verb:set package 'v4l2_camera' build argument 'catkin_skip_building_tests' from command line to 'False'
[0.543s] DEBUG:colcon.colcon_core.verb:Building package 'v4l2_camera' with the following arguments: {'ament_cmake_args': None, 'build_base': '/home/astra/Documents/rover-Cameras/ros2_v4l2_camera/build/v4l2_camera', 'catkin_cmake_args': None, 'catkin_skip_building_tests': False, 'cmake_args': None, 'cmake_clean_cache': False, 'cmake_clean_first': False, 'cmake_force_configure': False, 'cmake_target': None, 'cmake_target_skip_unavailable': False, 'install_base': '/home/astra/Documents/rover-Cameras/ros2_v4l2_camera/install/v4l2_camera', 'merge_install': False, 'path': '/home/astra/Documents/rover-Cameras/ros2_v4l2_camera', 'symlink_install': False, 'test_result_base': None}
[0.544s] INFO:colcon.colcon_core.executor:Executing jobs using 'parallel' executor
[0.545s] DEBUG:colcon.colcon_parallel_executor.executor.parallel:run_until_complete
[0.545s] INFO:colcon.colcon_ros.task.ament_cmake.build:Building ROS package in '/home/astra/Documents/rover-Cameras/ros2_v4l2_camera' with build type 'ament_cmake'
[0.546s] INFO:colcon.colcon_cmake.task.cmake.build:Building CMake package in '/home/astra/Documents/rover-Cameras/ros2_v4l2_camera'
[0.548s] INFO:colcon.colcon_core.plugin_system:Skipping extension 'colcon_core.shell.bat': Not used on non-Windows systems
[0.549s] INFO:colcon.colcon_core.shell:Skip shell extension 'powershell' for command environment: Not usable outside of PowerShell
[0.549s] DEBUG:colcon.colcon_core.shell:Skip shell extension 'dsv' for command environment
[0.560s] DEBUG:colcon.colcon_core.event_handler.log_command:Invoking command in '/home/astra/Documents/rover-Cameras/ros2_v4l2_camera/build/v4l2_camera': CMAKE_PREFIX_PATH=${CMAKE_PREFIX_PATH}:/home/astra/Documents/rover-Core/core_ws/install/mac_headless_pkg:/home/astra/Documents/rover-Core/core_ws/install/headless_pkg:/home/astra/Documents/rover-Core/core_ws/install/core_pkg:/opt/ros/humble /usr/bin/cmake /home/astra/Documents/rover-Cameras/ros2_v4l2_camera -DCMAKE_INSTALL_PREFIX=/home/astra/Documents/rover-Cameras/ros2_v4l2_camera/install/v4l2_camera
[1.952s] DEBUG:colcon.colcon_core.event_handler.log_command:Invoked command in '/home/astra/Documents/rover-Cameras/ros2_v4l2_camera/build/v4l2_camera' returned '0': CMAKE_PREFIX_PATH=${CMAKE_PREFIX_PATH}:/home/astra/Documents/rover-Core/core_ws/install/mac_headless_pkg:/home/astra/Documents/rover-Core/core_ws/install/headless_pkg:/home/astra/Documents/rover-Core/core_ws/install/core_pkg:/opt/ros/humble /usr/bin/cmake /home/astra/Documents/rover-Cameras/ros2_v4l2_camera -DCMAKE_INSTALL_PREFIX=/home/astra/Documents/rover-Cameras/ros2_v4l2_camera/install/v4l2_camera
[1.955s] DEBUG:colcon.colcon_core.event_handler.log_command:Invoking command in '/home/astra/Documents/rover-Cameras/ros2_v4l2_camera/build/v4l2_camera': CMAKE_PREFIX_PATH=${CMAKE_PREFIX_PATH}:/home/astra/Documents/rover-Core/core_ws/install/mac_headless_pkg:/home/astra/Documents/rover-Core/core_ws/install/headless_pkg:/home/astra/Documents/rover-Core/core_ws/install/core_pkg:/opt/ros/humble /usr/bin/cmake --build /home/astra/Documents/rover-Cameras/ros2_v4l2_camera/build/v4l2_camera -- -j4 -l4
[26.999s] DEBUG:colcon.colcon_core.event_handler.log_command:Invoked command in '/home/astra/Documents/rover-Cameras/ros2_v4l2_camera/build/v4l2_camera' returned '0': CMAKE_PREFIX_PATH=${CMAKE_PREFIX_PATH}:/home/astra/Documents/rover-Core/core_ws/install/mac_headless_pkg:/home/astra/Documents/rover-Core/core_ws/install/headless_pkg:/home/astra/Documents/rover-Core/core_ws/install/core_pkg:/opt/ros/humble /usr/bin/cmake --build /home/astra/Documents/rover-Cameras/ros2_v4l2_camera/build/v4l2_camera -- -j4 -l4
[27.050s] DEBUG:colcon.colcon_core.event_handler.log_command:Invoking command in '/home/astra/Documents/rover-Cameras/ros2_v4l2_camera/build/v4l2_camera': CMAKE_PREFIX_PATH=${CMAKE_PREFIX_PATH}:/home/astra/Documents/rover-Core/core_ws/install/mac_headless_pkg:/home/astra/Documents/rover-Core/core_ws/install/headless_pkg:/home/astra/Documents/rover-Core/core_ws/install/core_pkg:/opt/ros/humble /usr/bin/cmake --install /home/astra/Documents/rover-Cameras/ros2_v4l2_camera/build/v4l2_camera
[27.084s] Level 1:colcon.colcon_core.environment:create_environment_scripts_only(v4l2_camera)
[27.084s] DEBUG:colcon.colcon_core.event_handler.log_command:Invoked command in '/home/astra/Documents/rover-Cameras/ros2_v4l2_camera/build/v4l2_camera' returned '0': CMAKE_PREFIX_PATH=${CMAKE_PREFIX_PATH}:/home/astra/Documents/rover-Core/core_ws/install/mac_headless_pkg:/home/astra/Documents/rover-Core/core_ws/install/headless_pkg:/home/astra/Documents/rover-Core/core_ws/install/core_pkg:/opt/ros/humble /usr/bin/cmake --install /home/astra/Documents/rover-Cameras/ros2_v4l2_camera/build/v4l2_camera
[27.088s] Level 1:colcon.colcon_core.environment:checking '/home/astra/Documents/rover-Cameras/ros2_v4l2_camera/install/v4l2_camera' for CMake module files
[27.089s] Level 1:colcon.colcon_core.environment:checking '/home/astra/Documents/rover-Cameras/ros2_v4l2_camera/install/v4l2_camera' for CMake config files
[27.090s] Level 1:colcon.colcon_core.shell:create_environment_hook('v4l2_camera', 'cmake_prefix_path')
[27.090s] INFO:colcon.colcon_core.shell:Creating environment hook '/home/astra/Documents/rover-Cameras/ros2_v4l2_camera/install/v4l2_camera/share/v4l2_camera/hook/cmake_prefix_path.ps1'
[27.094s] INFO:colcon.colcon_core.shell:Creating environment descriptor '/home/astra/Documents/rover-Cameras/ros2_v4l2_camera/install/v4l2_camera/share/v4l2_camera/hook/cmake_prefix_path.dsv'
[27.095s] INFO:colcon.colcon_core.shell:Creating environment hook '/home/astra/Documents/rover-Cameras/ros2_v4l2_camera/install/v4l2_camera/share/v4l2_camera/hook/cmake_prefix_path.sh'
[27.097s] Level 1:colcon.colcon_core.environment:checking '/home/astra/Documents/rover-Cameras/ros2_v4l2_camera/install/v4l2_camera/lib'
[27.097s] Level 1:colcon.colcon_core.shell:create_environment_hook('v4l2_camera', 'ld_library_path_lib')
[27.097s] INFO:colcon.colcon_core.shell:Creating environment hook '/home/astra/Documents/rover-Cameras/ros2_v4l2_camera/install/v4l2_camera/share/v4l2_camera/hook/ld_library_path_lib.ps1'
[27.098s] INFO:colcon.colcon_core.shell:Creating environment descriptor '/home/astra/Documents/rover-Cameras/ros2_v4l2_camera/install/v4l2_camera/share/v4l2_camera/hook/ld_library_path_lib.dsv'
[27.098s] INFO:colcon.colcon_core.shell:Creating environment hook '/home/astra/Documents/rover-Cameras/ros2_v4l2_camera/install/v4l2_camera/share/v4l2_camera/hook/ld_library_path_lib.sh'
[27.099s] Level 1:colcon.colcon_core.environment:checking '/home/astra/Documents/rover-Cameras/ros2_v4l2_camera/install/v4l2_camera/bin'
[27.099s] Level 1:colcon.colcon_core.environment:checking '/home/astra/Documents/rover-Cameras/ros2_v4l2_camera/install/v4l2_camera/lib/pkgconfig/v4l2_camera.pc'
[27.099s] Level 1:colcon.colcon_core.environment:checking '/home/astra/Documents/rover-Cameras/ros2_v4l2_camera/install/v4l2_camera/lib/python3.10/site-packages'
[27.100s] Level 1:colcon.colcon_core.environment:checking '/home/astra/Documents/rover-Cameras/ros2_v4l2_camera/install/v4l2_camera/bin'
[27.100s] INFO:colcon.colcon_core.shell:Creating package script '/home/astra/Documents/rover-Cameras/ros2_v4l2_camera/install/v4l2_camera/share/v4l2_camera/package.ps1'
[27.102s] INFO:colcon.colcon_core.shell:Creating package descriptor '/home/astra/Documents/rover-Cameras/ros2_v4l2_camera/install/v4l2_camera/share/v4l2_camera/package.dsv'
[27.103s] INFO:colcon.colcon_core.shell:Creating package script '/home/astra/Documents/rover-Cameras/ros2_v4l2_camera/install/v4l2_camera/share/v4l2_camera/package.sh'
[27.105s] INFO:colcon.colcon_core.shell:Creating package script '/home/astra/Documents/rover-Cameras/ros2_v4l2_camera/install/v4l2_camera/share/v4l2_camera/package.bash'
[27.106s] INFO:colcon.colcon_core.shell:Creating package script '/home/astra/Documents/rover-Cameras/ros2_v4l2_camera/install/v4l2_camera/share/v4l2_camera/package.zsh'
[27.108s] Level 1:colcon.colcon_core.environment:create_file_with_runtime_dependencies(/home/astra/Documents/rover-Cameras/ros2_v4l2_camera/install/v4l2_camera/share/colcon-core/packages/v4l2_camera)
[27.149s] Level 1:colcon.colcon_core.environment:create_environment_scripts_only(v4l2_camera)
[27.150s] Level 1:colcon.colcon_core.environment:checking '/home/astra/Documents/rover-Cameras/ros2_v4l2_camera/install/v4l2_camera' for CMake module files
[27.151s] Level 1:colcon.colcon_core.environment:checking '/home/astra/Documents/rover-Cameras/ros2_v4l2_camera/install/v4l2_camera' for CMake config files
[27.151s] Level 1:colcon.colcon_core.shell:create_environment_hook('v4l2_camera', 'cmake_prefix_path')
[27.152s] INFO:colcon.colcon_core.shell:Creating environment hook '/home/astra/Documents/rover-Cameras/ros2_v4l2_camera/install/v4l2_camera/share/v4l2_camera/hook/cmake_prefix_path.ps1'
[27.152s] INFO:colcon.colcon_core.shell:Creating environment descriptor '/home/astra/Documents/rover-Cameras/ros2_v4l2_camera/install/v4l2_camera/share/v4l2_camera/hook/cmake_prefix_path.dsv'
[27.153s] INFO:colcon.colcon_core.shell:Creating environment hook '/home/astra/Documents/rover-Cameras/ros2_v4l2_camera/install/v4l2_camera/share/v4l2_camera/hook/cmake_prefix_path.sh'
[27.154s] Level 1:colcon.colcon_core.environment:checking '/home/astra/Documents/rover-Cameras/ros2_v4l2_camera/install/v4l2_camera/lib'
[27.154s] Level 1:colcon.colcon_core.shell:create_environment_hook('v4l2_camera', 'ld_library_path_lib')
[27.154s] INFO:colcon.colcon_core.shell:Creating environment hook '/home/astra/Documents/rover-Cameras/ros2_v4l2_camera/install/v4l2_camera/share/v4l2_camera/hook/ld_library_path_lib.ps1'
[27.155s] INFO:colcon.colcon_core.shell:Creating environment descriptor '/home/astra/Documents/rover-Cameras/ros2_v4l2_camera/install/v4l2_camera/share/v4l2_camera/hook/ld_library_path_lib.dsv'
[27.155s] INFO:colcon.colcon_core.shell:Creating environment hook '/home/astra/Documents/rover-Cameras/ros2_v4l2_camera/install/v4l2_camera/share/v4l2_camera/hook/ld_library_path_lib.sh'
[27.156s] Level 1:colcon.colcon_core.environment:checking '/home/astra/Documents/rover-Cameras/ros2_v4l2_camera/install/v4l2_camera/bin'
[27.156s] Level 1:colcon.colcon_core.environment:checking '/home/astra/Documents/rover-Cameras/ros2_v4l2_camera/install/v4l2_camera/lib/pkgconfig/v4l2_camera.pc'
[27.156s] Level 1:colcon.colcon_core.environment:checking '/home/astra/Documents/rover-Cameras/ros2_v4l2_camera/install/v4l2_camera/lib/python3.10/site-packages'
[27.157s] Level 1:colcon.colcon_core.environment:checking '/home/astra/Documents/rover-Cameras/ros2_v4l2_camera/install/v4l2_camera/bin'
[27.157s] INFO:colcon.colcon_core.shell:Creating package script '/home/astra/Documents/rover-Cameras/ros2_v4l2_camera/install/v4l2_camera/share/v4l2_camera/package.ps1'
[27.158s] INFO:colcon.colcon_core.shell:Creating package descriptor '/home/astra/Documents/rover-Cameras/ros2_v4l2_camera/install/v4l2_camera/share/v4l2_camera/package.dsv'
[27.159s] INFO:colcon.colcon_core.shell:Creating package script '/home/astra/Documents/rover-Cameras/ros2_v4l2_camera/install/v4l2_camera/share/v4l2_camera/package.sh'
[27.160s] INFO:colcon.colcon_core.shell:Creating package script '/home/astra/Documents/rover-Cameras/ros2_v4l2_camera/install/v4l2_camera/share/v4l2_camera/package.bash'
[27.161s] INFO:colcon.colcon_core.shell:Creating package script '/home/astra/Documents/rover-Cameras/ros2_v4l2_camera/install/v4l2_camera/share/v4l2_camera/package.zsh'
[27.161s] Level 1:colcon.colcon_core.environment:create_file_with_runtime_dependencies(/home/astra/Documents/rover-Cameras/ros2_v4l2_camera/install/v4l2_camera/share/colcon-core/packages/v4l2_camera)
[27.162s] DEBUG:colcon.colcon_parallel_executor.executor.parallel:closing loop
[27.162s] DEBUG:colcon.colcon_parallel_executor.executor.parallel:loop closed
[27.162s] DEBUG:colcon.colcon_parallel_executor.executor.parallel:run_until_complete finished with '0'
[27.162s] DEBUG:colcon.colcon_core.event_reactor:joining thread
[27.170s] INFO:colcon.colcon_core.plugin_system:Skipping extension 'colcon_notification.desktop_notification.terminal_notifier': Not used on non-Darwin systems
[27.170s] INFO:colcon.colcon_core.plugin_system:Skipping extension 'colcon_notification.desktop_notification.win32': Not used on non-Windows systems
[27.170s] INFO:colcon.colcon_notification.desktop_notification:Sending desktop notification using 'notify2'
[27.190s] DEBUG:colcon.colcon_core.event_reactor:joined thread
[27.190s] INFO:colcon.colcon_core.shell:Creating prefix script '/home/astra/Documents/rover-Cameras/ros2_v4l2_camera/install/local_setup.ps1'
[27.193s] INFO:colcon.colcon_core.shell:Creating prefix util module '/home/astra/Documents/rover-Cameras/ros2_v4l2_camera/install/_local_setup_util_ps1.py'
[27.195s] INFO:colcon.colcon_core.shell:Creating prefix chain script '/home/astra/Documents/rover-Cameras/ros2_v4l2_camera/install/setup.ps1'
[27.198s] INFO:colcon.colcon_core.shell:Creating prefix script '/home/astra/Documents/rover-Cameras/ros2_v4l2_camera/install/local_setup.sh'
[27.199s] INFO:colcon.colcon_core.shell:Creating prefix util module '/home/astra/Documents/rover-Cameras/ros2_v4l2_camera/install/_local_setup_util_sh.py'
[27.201s] INFO:colcon.colcon_core.shell:Creating prefix chain script '/home/astra/Documents/rover-Cameras/ros2_v4l2_camera/install/setup.sh'
[27.205s] INFO:colcon.colcon_core.shell:Creating prefix script '/home/astra/Documents/rover-Cameras/ros2_v4l2_camera/install/local_setup.bash'
[27.206s] INFO:colcon.colcon_core.shell:Creating prefix chain script '/home/astra/Documents/rover-Cameras/ros2_v4l2_camera/install/setup.bash'
[27.208s] INFO:colcon.colcon_core.shell:Creating prefix script '/home/astra/Documents/rover-Cameras/ros2_v4l2_camera/install/local_setup.zsh'
[27.210s] INFO:colcon.colcon_core.shell:Creating prefix chain script '/home/astra/Documents/rover-Cameras/ros2_v4l2_camera/install/setup.zsh'
