[0.175s] DEBUG:colcon:Command line arguments: ['/usr/bin/colcon', 'build']
[0.175s] DEBUG:colcon:Parsed command line arguments: Namespace(log_base=None, log_level=None, verb_name='build', build_base='build', install_base='install', merge_install=False, symlink_install=False, test_result_base=None, continue_on_error=False, executor='parallel', parallel_workers=4, event_handlers=None, ignore_user_meta=False, metas=['./colcon.meta'], base_paths=['.'], packages_ignore=None, packages_ignore_regex=None, paths=None, packages_up_to=None, packages_up_to_regex=None, packages_above=None, packages_above_and_dependencies=None, packages_above_depth=None, packages_select_by_dep=None, packages_skip_by_dep=None, packages_skip_up_to=None, packages_select_build_failed=False, packages_skip_build_finished=False, packages_select_test_failures=False, packages_skip_test_passed=False, packages_select=None, packages_skip=None, packages_select_regex=None, packages_skip_regex=None, packages_start=None, packages_end=None, allow_overriding=[], cmake_args=None, cmake_target=None, cmake_target_skip_unavailable=False, cmake_clean_cache=False, cmake_clean_first=False, cmake_force_configure=False, ament_cmake_args=None, catkin_cmake_args=None, catkin_skip_building_tests=False, verb_parser=<colcon_defaults.argument_parser.defaults.DefaultArgumentsDecorator object at 0x7bf11490f6d0>, verb_extension=<colcon_core.verb.build.BuildVerb object at 0x7bf11490f190>, main=<bound method BuildVerb.main of <colcon_core.verb.build.BuildVerb object at 0x7bf11490f190>>)
[0.431s] Level 1:colcon.colcon_core.package_discovery:discover_packages(colcon_meta) check parameters
[0.431s] Level 1:colcon.colcon_core.package_discovery:discover_packages(recursive) check parameters
[0.431s] Level 1:colcon.colcon_core.package_discovery:discover_packages(ignore) check parameters
[0.431s] Level 1:colcon.colcon_core.package_discovery:discover_packages(path) check parameters
[0.431s] Level 1:colcon.colcon_core.package_discovery:discover_packages(colcon_meta) discover
[0.431s] Level 1:colcon.colcon_core.package_discovery:discover_packages(recursive) discover
[0.431s] INFO:colcon.colcon_core.package_discovery:Crawling recursively for packages in '/home/astra/Documents/rover-Cameras/v4l2_camera_custom'
[0.432s] Level 1:colcon.colcon_core.package_identification:_identify(.) by extensions ['ignore', 'ignore_ament_install']
[0.432s] Level 1:colcon.colcon_core.package_identification:_identify(.) by extension 'ignore'
[0.432s] Level 1:colcon.colcon_core.package_identification:_identify(.) by extension 'ignore_ament_install'
[0.432s] Level 1:colcon.colcon_core.package_identification:_identify(.) by extensions ['colcon_pkg']
[0.432s] Level 1:colcon.colcon_core.package_identification:_identify(.) by extension 'colcon_pkg'
[0.432s] Level 1:colcon.colcon_core.package_identification:_identify(.) by extensions ['colcon_meta']
[0.432s] Level 1:colcon.colcon_core.package_identification:_identify(.) by extension 'colcon_meta'
[0.432s] Level 1:colcon.colcon_core.package_identification:_identify(.) by extensions ['ros']
[0.432s] Level 1:colcon.colcon_core.package_identification:_identify(.) by extension 'ros'
[0.456s] DEBUG:colcon.colcon_core.package_identification:Package '.' with type 'ros.ament_cmake' and name 'v4l2_camera_custom'
[0.456s] Level 1:colcon.colcon_core.package_discovery:discover_packages(recursive) using defaults
[0.456s] Level 1:colcon.colcon_core.package_discovery:discover_packages(ignore) discover
[0.456s] Level 1:colcon.colcon_core.package_discovery:discover_packages(ignore) using defaults
[0.456s] Level 1:colcon.colcon_core.package_discovery:discover_packages(path) discover
[0.457s] Level 1:colcon.colcon_core.package_discovery:discover_packages(path) using defaults
[0.490s] Level 1:colcon.colcon_core.package_discovery:discover_packages(prefix_path) check parameters
[0.490s] Level 1:colcon.colcon_core.package_discovery:discover_packages(prefix_path) discover
[0.492s] WARNING:colcon.colcon_core.prefix_path.colcon:The path '/home/astra/Documents/rover-Cameras/ros2_v4l2_camera/install' in the environment variable COLCON_PREFIX_PATH doesn't exist
[0.492s] WARNING:colcon.colcon_ros.prefix_path.ament:The path '/home/astra/Documents/rover-Cameras/ros2_v4l2_camera/install/v4l2_camera' in the environment variable AMENT_PREFIX_PATH doesn't exist
[0.492s] WARNING:colcon.colcon_ros.prefix_path.catkin:The path '/home/astra/Documents/rover-Cameras/ros2_v4l2_camera/install/v4l2_camera' in the environment variable CMAKE_PREFIX_PATH doesn't exist
[0.494s] DEBUG:colcon.colcon_installed_package_information.package_discovery:Found 4 installed packages in /home/astra/Documents/rover-Core/core_ws/install
[0.495s] DEBUG:colcon.colcon_installed_package_information.package_discovery:Found 276 installed packages in /opt/ros/humble
[0.498s] Level 1:colcon.colcon_core.package_discovery:discover_packages(prefix_path) using defaults
[0.585s] Level 5:colcon.colcon_core.verb:set package 'v4l2_camera_custom' build argument 'cmake_args' from command line to 'None'
[0.585s] Level 5:colcon.colcon_core.verb:set package 'v4l2_camera_custom' build argument 'cmake_target' from command line to 'None'
[0.585s] Level 5:colcon.colcon_core.verb:set package 'v4l2_camera_custom' build argument 'cmake_target_skip_unavailable' from command line to 'False'
[0.585s] Level 5:colcon.colcon_core.verb:set package 'v4l2_camera_custom' build argument 'cmake_clean_cache' from command line to 'False'
[0.585s] Level 5:colcon.colcon_core.verb:set package 'v4l2_camera_custom' build argument 'cmake_clean_first' from command line to 'False'
[0.585s] Level 5:colcon.colcon_core.verb:set package 'v4l2_camera_custom' build argument 'cmake_force_configure' from command line to 'False'
[0.585s] Level 5:colcon.colcon_core.verb:set package 'v4l2_camera_custom' build argument 'ament_cmake_args' from command line to 'None'
[0.585s] Level 5:colcon.colcon_core.verb:set package 'v4l2_camera_custom' build argument 'catkin_cmake_args' from command line to 'None'
[0.585s] Level 5:colcon.colcon_core.verb:set package 'v4l2_camera_custom' build argument 'catkin_skip_building_tests' from command line to 'False'
[0.585s] DEBUG:colcon.colcon_core.verb:Building package 'v4l2_camera_custom' with the following arguments: {'ament_cmake_args': None, 'build_base': '/home/astra/Documents/rover-Cameras/v4l2_camera_custom/build/v4l2_camera_custom', 'catkin_cmake_args': None, 'catkin_skip_building_tests': False, 'cmake_args': None, 'cmake_clean_cache': False, 'cmake_clean_first': False, 'cmake_force_configure': False, 'cmake_target': None, 'cmake_target_skip_unavailable': False, 'install_base': '/home/astra/Documents/rover-Cameras/v4l2_camera_custom/install/v4l2_camera_custom', 'merge_install': False, 'path': '/home/astra/Documents/rover-Cameras/v4l2_camera_custom', 'symlink_install': False, 'test_result_base': None}
[0.585s] INFO:colcon.colcon_core.executor:Executing jobs using 'parallel' executor
[0.587s] DEBUG:colcon.colcon_parallel_executor.executor.parallel:run_until_complete
[0.587s] INFO:colcon.colcon_ros.task.ament_cmake.build:Building ROS package in '/home/astra/Documents/rover-Cameras/v4l2_camera_custom' with build type 'ament_cmake'
[0.588s] INFO:colcon.colcon_cmake.task.cmake.build:Building CMake package in '/home/astra/Documents/rover-Cameras/v4l2_camera_custom'
[0.591s] INFO:colcon.colcon_core.plugin_system:Skipping extension 'colcon_core.shell.bat': Not used on non-Windows systems
[0.591s] INFO:colcon.colcon_core.shell:Skip shell extension 'powershell' for command environment: Not usable outside of PowerShell
[0.591s] DEBUG:colcon.colcon_core.shell:Skip shell extension 'dsv' for command environment
[0.601s] DEBUG:colcon.colcon_core.event_handler.log_command:Invoking command in '/home/astra/Documents/rover-Cameras/v4l2_camera_custom/build/v4l2_camera_custom': CMAKE_PREFIX_PATH=${CMAKE_PREFIX_PATH}:/home/astra/Documents/rover-Core/core_ws/install/mac_headless_pkg:/home/astra/Documents/rover-Core/core_ws/install/headless_pkg:/home/astra/Documents/rover-Core/core_ws/install/core_pkg:/opt/ros/humble /usr/bin/cmake /home/astra/Documents/rover-Cameras/v4l2_camera_custom -DCMAKE_INSTALL_PREFIX=/home/astra/Documents/rover-Cameras/v4l2_camera_custom/install/v4l2_camera_custom
[2.911s] DEBUG:colcon.colcon_core.event_handler.log_command:Invoked command in '/home/astra/Documents/rover-Cameras/v4l2_camera_custom/build/v4l2_camera_custom' returned '0': CMAKE_PREFIX_PATH=${CMAKE_PREFIX_PATH}:/home/astra/Documents/rover-Core/core_ws/install/mac_headless_pkg:/home/astra/Documents/rover-Core/core_ws/install/headless_pkg:/home/astra/Documents/rover-Core/core_ws/install/core_pkg:/opt/ros/humble /usr/bin/cmake /home/astra/Documents/rover-Cameras/v4l2_camera_custom -DCMAKE_INSTALL_PREFIX=/home/astra/Documents/rover-Cameras/v4l2_camera_custom/install/v4l2_camera_custom
[2.914s] DEBUG:colcon.colcon_core.event_handler.log_command:Invoking command in '/home/astra/Documents/rover-Cameras/v4l2_camera_custom/build/v4l2_camera_custom': CMAKE_PREFIX_PATH=${CMAKE_PREFIX_PATH}:/home/astra/Documents/rover-Core/core_ws/install/mac_headless_pkg:/home/astra/Documents/rover-Core/core_ws/install/headless_pkg:/home/astra/Documents/rover-Core/core_ws/install/core_pkg:/opt/ros/humble /usr/bin/cmake --build /home/astra/Documents/rover-Cameras/v4l2_camera_custom/build/v4l2_camera_custom -- -j4 -l4
[27.458s] DEBUG:colcon.colcon_core.event_handler.log_command:Invoked command in '/home/astra/Documents/rover-Cameras/v4l2_camera_custom/build/v4l2_camera_custom' returned '0': CMAKE_PREFIX_PATH=${CMAKE_PREFIX_PATH}:/home/astra/Documents/rover-Core/core_ws/install/mac_headless_pkg:/home/astra/Documents/rover-Core/core_ws/install/headless_pkg:/home/astra/Documents/rover-Core/core_ws/install/core_pkg:/opt/ros/humble /usr/bin/cmake --build /home/astra/Documents/rover-Cameras/v4l2_camera_custom/build/v4l2_camera_custom -- -j4 -l4
[27.507s] DEBUG:colcon.colcon_core.event_handler.log_command:Invoking command in '/home/astra/Documents/rover-Cameras/v4l2_camera_custom/build/v4l2_camera_custom': CMAKE_PREFIX_PATH=${CMAKE_PREFIX_PATH}:/home/astra/Documents/rover-Core/core_ws/install/mac_headless_pkg:/home/astra/Documents/rover-Core/core_ws/install/headless_pkg:/home/astra/Documents/rover-Core/core_ws/install/core_pkg:/opt/ros/humble /usr/bin/cmake --install /home/astra/Documents/rover-Cameras/v4l2_camera_custom/build/v4l2_camera_custom
[27.537s] Level 1:colcon.colcon_core.environment:create_environment_scripts_only(v4l2_camera_custom)
[27.537s] DEBUG:colcon.colcon_core.event_handler.log_command:Invoked command in '/home/astra/Documents/rover-Cameras/v4l2_camera_custom/build/v4l2_camera_custom' returned '0': CMAKE_PREFIX_PATH=${CMAKE_PREFIX_PATH}:/home/astra/Documents/rover-Core/core_ws/install/mac_headless_pkg:/home/astra/Documents/rover-Core/core_ws/install/headless_pkg:/home/astra/Documents/rover-Core/core_ws/install/core_pkg:/opt/ros/humble /usr/bin/cmake --install /home/astra/Documents/rover-Cameras/v4l2_camera_custom/build/v4l2_camera_custom
[27.540s] Level 1:colcon.colcon_core.environment:checking '/home/astra/Documents/rover-Cameras/v4l2_camera_custom/install/v4l2_camera_custom' for CMake module files
[27.541s] Level 1:colcon.colcon_core.environment:checking '/home/astra/Documents/rover-Cameras/v4l2_camera_custom/install/v4l2_camera_custom' for CMake config files
[27.542s] Level 1:colcon.colcon_core.shell:create_environment_hook('v4l2_camera_custom', 'cmake_prefix_path')
[27.542s] INFO:colcon.colcon_core.shell:Creating environment hook '/home/astra/Documents/rover-Cameras/v4l2_camera_custom/install/v4l2_camera_custom/share/v4l2_camera_custom/hook/cmake_prefix_path.ps1'
[27.543s] INFO:colcon.colcon_core.shell:Creating environment descriptor '/home/astra/Documents/rover-Cameras/v4l2_camera_custom/install/v4l2_camera_custom/share/v4l2_camera_custom/hook/cmake_prefix_path.dsv'
[27.543s] INFO:colcon.colcon_core.shell:Creating environment hook '/home/astra/Documents/rover-Cameras/v4l2_camera_custom/install/v4l2_camera_custom/share/v4l2_camera_custom/hook/cmake_prefix_path.sh'
[27.545s] Level 1:colcon.colcon_core.environment:checking '/home/astra/Documents/rover-Cameras/v4l2_camera_custom/install/v4l2_camera_custom/lib'
[27.545s] Level 1:colcon.colcon_core.shell:create_environment_hook('v4l2_camera_custom', 'ld_library_path_lib')
[27.546s] INFO:colcon.colcon_core.shell:Creating environment hook '/home/astra/Documents/rover-Cameras/v4l2_camera_custom/install/v4l2_camera_custom/share/v4l2_camera_custom/hook/ld_library_path_lib.ps1'
[27.547s] INFO:colcon.colcon_core.shell:Creating environment descriptor '/home/astra/Documents/rover-Cameras/v4l2_camera_custom/install/v4l2_camera_custom/share/v4l2_camera_custom/hook/ld_library_path_lib.dsv'
[27.547s] INFO:colcon.colcon_core.shell:Creating environment hook '/home/astra/Documents/rover-Cameras/v4l2_camera_custom/install/v4l2_camera_custom/share/v4l2_camera_custom/hook/ld_library_path_lib.sh'
[27.548s] Level 1:colcon.colcon_core.environment:checking '/home/astra/Documents/rover-Cameras/v4l2_camera_custom/install/v4l2_camera_custom/bin'
[27.548s] Level 1:colcon.colcon_core.environment:checking '/home/astra/Documents/rover-Cameras/v4l2_camera_custom/install/v4l2_camera_custom/lib/pkgconfig/v4l2_camera_custom.pc'
[27.548s] Level 1:colcon.colcon_core.environment:checking '/home/astra/Documents/rover-Cameras/v4l2_camera_custom/install/v4l2_camera_custom/lib/python3.10/site-packages'
[27.549s] Level 1:colcon.colcon_core.environment:checking '/home/astra/Documents/rover-Cameras/v4l2_camera_custom/install/v4l2_camera_custom/bin'
[27.549s] INFO:colcon.colcon_core.shell:Creating package script '/home/astra/Documents/rover-Cameras/v4l2_camera_custom/install/v4l2_camera_custom/share/v4l2_camera_custom/package.ps1'
[27.551s] INFO:colcon.colcon_core.shell:Creating package descriptor '/home/astra/Documents/rover-Cameras/v4l2_camera_custom/install/v4l2_camera_custom/share/v4l2_camera_custom/package.dsv'
[27.552s] INFO:colcon.colcon_core.shell:Creating package script '/home/astra/Documents/rover-Cameras/v4l2_camera_custom/install/v4l2_camera_custom/share/v4l2_camera_custom/package.sh'
[27.553s] INFO:colcon.colcon_core.shell:Creating package script '/home/astra/Documents/rover-Cameras/v4l2_camera_custom/install/v4l2_camera_custom/share/v4l2_camera_custom/package.bash'
[27.554s] INFO:colcon.colcon_core.shell:Creating package script '/home/astra/Documents/rover-Cameras/v4l2_camera_custom/install/v4l2_camera_custom/share/v4l2_camera_custom/package.zsh'
[27.555s] Level 1:colcon.colcon_core.environment:create_file_with_runtime_dependencies(/home/astra/Documents/rover-Cameras/v4l2_camera_custom/install/v4l2_camera_custom/share/colcon-core/packages/v4l2_camera_custom)
[27.592s] Level 1:colcon.colcon_core.environment:create_environment_scripts_only(v4l2_camera_custom)
[27.593s] Level 1:colcon.colcon_core.environment:checking '/home/astra/Documents/rover-Cameras/v4l2_camera_custom/install/v4l2_camera_custom' for CMake module files
[27.594s] Level 1:colcon.colcon_core.environment:checking '/home/astra/Documents/rover-Cameras/v4l2_camera_custom/install/v4l2_camera_custom' for CMake config files
[27.594s] Level 1:colcon.colcon_core.shell:create_environment_hook('v4l2_camera_custom', 'cmake_prefix_path')
[27.594s] INFO:colcon.colcon_core.shell:Creating environment hook '/home/astra/Documents/rover-Cameras/v4l2_camera_custom/install/v4l2_camera_custom/share/v4l2_camera_custom/hook/cmake_prefix_path.ps1'
[27.595s] INFO:colcon.colcon_core.shell:Creating environment descriptor '/home/astra/Documents/rover-Cameras/v4l2_camera_custom/install/v4l2_camera_custom/share/v4l2_camera_custom/hook/cmake_prefix_path.dsv'
[27.595s] INFO:colcon.colcon_core.shell:Creating environment hook '/home/astra/Documents/rover-Cameras/v4l2_camera_custom/install/v4l2_camera_custom/share/v4l2_camera_custom/hook/cmake_prefix_path.sh'
[27.596s] Level 1:colcon.colcon_core.environment:checking '/home/astra/Documents/rover-Cameras/v4l2_camera_custom/install/v4l2_camera_custom/lib'
[27.596s] Level 1:colcon.colcon_core.shell:create_environment_hook('v4l2_camera_custom', 'ld_library_path_lib')
[27.596s] INFO:colcon.colcon_core.shell:Creating environment hook '/home/astra/Documents/rover-Cameras/v4l2_camera_custom/install/v4l2_camera_custom/share/v4l2_camera_custom/hook/ld_library_path_lib.ps1'
[27.597s] INFO:colcon.colcon_core.shell:Creating environment descriptor '/home/astra/Documents/rover-Cameras/v4l2_camera_custom/install/v4l2_camera_custom/share/v4l2_camera_custom/hook/ld_library_path_lib.dsv'
[27.598s] INFO:colcon.colcon_core.shell:Creating environment hook '/home/astra/Documents/rover-Cameras/v4l2_camera_custom/install/v4l2_camera_custom/share/v4l2_camera_custom/hook/ld_library_path_lib.sh'
[27.598s] Level 1:colcon.colcon_core.environment:checking '/home/astra/Documents/rover-Cameras/v4l2_camera_custom/install/v4l2_camera_custom/bin'
[27.598s] Level 1:colcon.colcon_core.environment:checking '/home/astra/Documents/rover-Cameras/v4l2_camera_custom/install/v4l2_camera_custom/lib/pkgconfig/v4l2_camera_custom.pc'
[27.599s] Level 1:colcon.colcon_core.environment:checking '/home/astra/Documents/rover-Cameras/v4l2_camera_custom/install/v4l2_camera_custom/lib/python3.10/site-packages'
[27.599s] Level 1:colcon.colcon_core.environment:checking '/home/astra/Documents/rover-Cameras/v4l2_camera_custom/install/v4l2_camera_custom/bin'
[27.599s] INFO:colcon.colcon_core.shell:Creating package script '/home/astra/Documents/rover-Cameras/v4l2_camera_custom/install/v4l2_camera_custom/share/v4l2_camera_custom/package.ps1'
[27.600s] INFO:colcon.colcon_core.shell:Creating package descriptor '/home/astra/Documents/rover-Cameras/v4l2_camera_custom/install/v4l2_camera_custom/share/v4l2_camera_custom/package.dsv'
[27.601s] INFO:colcon.colcon_core.shell:Creating package script '/home/astra/Documents/rover-Cameras/v4l2_camera_custom/install/v4l2_camera_custom/share/v4l2_camera_custom/package.sh'
[27.601s] INFO:colcon.colcon_core.shell:Creating package script '/home/astra/Documents/rover-Cameras/v4l2_camera_custom/install/v4l2_camera_custom/share/v4l2_camera_custom/package.bash'
[27.602s] INFO:colcon.colcon_core.shell:Creating package script '/home/astra/Documents/rover-Cameras/v4l2_camera_custom/install/v4l2_camera_custom/share/v4l2_camera_custom/package.zsh'
[27.602s] Level 1:colcon.colcon_core.environment:create_file_with_runtime_dependencies(/home/astra/Documents/rover-Cameras/v4l2_camera_custom/install/v4l2_camera_custom/share/colcon-core/packages/v4l2_camera_custom)
[27.603s] DEBUG:colcon.colcon_parallel_executor.executor.parallel:closing loop
[27.603s] DEBUG:colcon.colcon_parallel_executor.executor.parallel:loop closed
[27.603s] DEBUG:colcon.colcon_parallel_executor.executor.parallel:run_until_complete finished with '0'
[27.604s] DEBUG:colcon.colcon_core.event_reactor:joining thread
[27.610s] INFO:colcon.colcon_core.plugin_system:Skipping extension 'colcon_notification.desktop_notification.terminal_notifier': Not used on non-Darwin systems
[27.611s] INFO:colcon.colcon_core.plugin_system:Skipping extension 'colcon_notification.desktop_notification.win32': Not used on non-Windows systems
[27.611s] INFO:colcon.colcon_notification.desktop_notification:Sending desktop notification using 'notify2'
[27.628s] DEBUG:colcon.colcon_core.event_reactor:joined thread
[27.629s] INFO:colcon.colcon_core.shell:Creating prefix script '/home/astra/Documents/rover-Cameras/v4l2_camera_custom/install/local_setup.ps1'
[27.630s] INFO:colcon.colcon_core.shell:Creating prefix util module '/home/astra/Documents/rover-Cameras/v4l2_camera_custom/install/_local_setup_util_ps1.py'
[27.633s] INFO:colcon.colcon_core.shell:Creating prefix chain script '/home/astra/Documents/rover-Cameras/v4l2_camera_custom/install/setup.ps1'
[27.636s] INFO:colcon.colcon_core.shell:Creating prefix script '/home/astra/Documents/rover-Cameras/v4l2_camera_custom/install/local_setup.sh'
[27.637s] INFO:colcon.colcon_core.shell:Creating prefix util module '/home/astra/Documents/rover-Cameras/v4l2_camera_custom/install/_local_setup_util_sh.py'
[27.638s] INFO:colcon.colcon_core.shell:Creating prefix chain script '/home/astra/Documents/rover-Cameras/v4l2_camera_custom/install/setup.sh'
[27.641s] INFO:colcon.colcon_core.shell:Creating prefix script '/home/astra/Documents/rover-Cameras/v4l2_camera_custom/install/local_setup.bash'
[27.641s] INFO:colcon.colcon_core.shell:Creating prefix chain script '/home/astra/Documents/rover-Cameras/v4l2_camera_custom/install/setup.bash'
[27.643s] INFO:colcon.colcon_core.shell:Creating prefix script '/home/astra/Documents/rover-Cameras/v4l2_camera_custom/install/local_setup.zsh'
[27.644s] INFO:colcon.colcon_core.shell:Creating prefix chain script '/home/astra/Documents/rover-Cameras/v4l2_camera_custom/install/setup.zsh'
