[0.014s] Invoking command in '/home/astra/Documents/rover-Cameras/ros2_v4l2_camera/build/v4l2_camera': CMAKE_PREFIX_PATH=${CMAKE_PREFIX_PATH}:/home/astra/Documents/rover-Core/core_ws/install/mac_headless_pkg:/home/astra/Documents/rover-Core/core_ws/install/headless_pkg:/home/astra/Documents/rover-Core/core_ws/install/core_pkg:/opt/ros/humble /usr/bin/cmake /home/astra/Documents/rover-Cameras/ros2_v4l2_camera -DCMAKE_INSTALL_PREFIX=/home/astra/Documents/rover-Cameras/ros2_v4l2_camera/install/v4l2_camera
[0.033s] -- Found ament_cmake_auto: 1.3.8 (/opt/ros/humble/share/ament_cmake_auto/cmake)
[0.353s] -- Found rosidl_generator_c: 3.1.5 (/opt/ros/humble/share/rosidl_generator_c/cmake)
[0.356s] -- Found rosidl_adapter: 3.1.5 (/opt/ros/humble/share/rosidl_adapter/cmake)
[0.365s] -- Found rosidl_generator_cpp: 3.1.5 (/opt/ros/humble/share/rosidl_generator_cpp/cmake)
[0.382s] -- Using all available rosidl_typesupport_c: rosidl_typesupport_fastrtps_c;rosidl_typesupport_introspection_c
[0.403s] -- Using all available rosidl_typesupport_cpp: rosidl_typesupport_fastrtps_cpp;rosidl_typesupport_introspection_cpp
[0.487s] -- Found rmw_implementation_cmake: 6.1.1 (/opt/ros/humble/share/rmw_implementation_cmake/cmake)
[0.488s] -- Found rmw_fastrtps_cpp: 6.2.6 (/opt/ros/humble/share/rmw_fastrtps_cpp/cmake)
[0.640s] -- Using RMW implementation 'rmw_fastrtps_cpp' as default
[1.257s] [0mCUDA_TOOLKIT_ROOT_DIR not found or specified[0m
[1.268s] -- Could NOT find CUDA (missing: CUDA_TOOLKIT_ROOT_DIR CUDA_NVCC_EXECUTABLE CUDA_INCLUDE_DIRS CUDA_CUDART_LIBRARY) 
[1.276s] -- Found ament_lint_auto: 0.12.10 (/opt/ros/humble/share/ament_lint_auto/cmake)
[1.326s] -- Added test 'cppcheck' to perform static code analysis on C / C++ code
[1.326s] -- Configured cppcheck include dirs: $<BUILD_INTERFACE:/home/astra/Documents/rover-Cameras/ros2_v4l2_camera/include>
[1.326s] -- Configured cppcheck exclude dirs and/or files: 
[1.336s] -- Added test 'cpplint' to check C / C++ code against the Google style
[1.337s] -- Configured cpplint exclude dirs and/or files: 
[1.338s] -- Added test 'flake8' to check Python code syntax and style conventions
[1.342s] -- Added test 'lint_cmake' to check CMake code style
[1.344s] -- Added test 'pep257' to check Python code against some of the docstring style conventions in PEP 257
[1.354s] -- Added test 'uncrustify' to check C / C++ code style
[1.355s] -- Configured uncrustify additional arguments: 
[1.357s] -- Added test 'xmllint' to check XML markup files
[1.366s] -- Configuring done
[1.392s] -- Generating done
[1.395s] -- Build files have been written to: /home/astra/Documents/rover-Cameras/ros2_v4l2_camera/build/v4l2_camera
[1.406s] Invoked command in '/home/astra/Documents/rover-Cameras/ros2_v4l2_camera/build/v4l2_camera' returned '0': CMAKE_PREFIX_PATH=${CMAKE_PREFIX_PATH}:/home/astra/Documents/rover-Core/core_ws/install/mac_headless_pkg:/home/astra/Documents/rover-Core/core_ws/install/headless_pkg:/home/astra/Documents/rover-Core/core_ws/install/core_pkg:/opt/ros/humble /usr/bin/cmake /home/astra/Documents/rover-Cameras/ros2_v4l2_camera -DCMAKE_INSTALL_PREFIX=/home/astra/Documents/rover-Cameras/ros2_v4l2_camera/install/v4l2_camera
[1.409s] Invoking command in '/home/astra/Documents/rover-Cameras/ros2_v4l2_camera/build/v4l2_camera': CMAKE_PREFIX_PATH=${CMAKE_PREFIX_PATH}:/home/astra/Documents/rover-Core/core_ws/install/mac_headless_pkg:/home/astra/Documents/rover-Core/core_ws/install/headless_pkg:/home/astra/Documents/rover-Core/core_ws/install/core_pkg:/opt/ros/humble /usr/bin/cmake --build /home/astra/Documents/rover-Cameras/ros2_v4l2_camera/build/v4l2_camera -- -j4 -l4
[1.475s] [ 28%] [32mBuilding CXX object CMakeFiles/v4l2_camera.dir/src/v4l2_camera_device.cpp.o[0m
[1.475s] [ 28%] [32mBuilding CXX object CMakeFiles/v4l2_camera.dir/src/v4l2_camera.cpp.o[0m
[11.718s] [ 42%] [32m[1mLinking CXX shared library libv4l2_camera.so[0m
[12.197s] [ 42%] Built target v4l2_camera
[12.222s] [ 71%] [32mBuilding CXX object CMakeFiles/v4l2_camera_compose_test.dir/src/v4l2_camera_compose_test.cpp.o[0m
[12.222s] [ 71%] [32mBuilding CXX object CMakeFiles/v4l2_camera_node.dir/src/v4l2_camera_node.cpp.o[0m
[18.140s] [ 85%] [32m[1mLinking CXX executable v4l2_camera_node[0m
[18.473s] [ 85%] Built target v4l2_camera_node
[25.719s] [100%] [32m[1mLinking CXX executable v4l2_camera_compose_test[0m
[26.438s] [100%] Built target v4l2_camera_compose_test
[26.453s] Invoked command in '/home/astra/Documents/rover-Cameras/ros2_v4l2_camera/build/v4l2_camera' returned '0': CMAKE_PREFIX_PATH=${CMAKE_PREFIX_PATH}:/home/astra/Documents/rover-Core/core_ws/install/mac_headless_pkg:/home/astra/Documents/rover-Core/core_ws/install/headless_pkg:/home/astra/Documents/rover-Core/core_ws/install/core_pkg:/opt/ros/humble /usr/bin/cmake --build /home/astra/Documents/rover-Cameras/ros2_v4l2_camera/build/v4l2_camera -- -j4 -l4
[26.504s] Invoking command in '/home/astra/Documents/rover-Cameras/ros2_v4l2_camera/build/v4l2_camera': CMAKE_PREFIX_PATH=${CMAKE_PREFIX_PATH}:/home/astra/Documents/rover-Core/core_ws/install/mac_headless_pkg:/home/astra/Documents/rover-Core/core_ws/install/headless_pkg:/home/astra/Documents/rover-Core/core_ws/install/core_pkg:/opt/ros/humble /usr/bin/cmake --install /home/astra/Documents/rover-Cameras/ros2_v4l2_camera/build/v4l2_camera
[26.515s] -- Install configuration: ""
[26.515s] -- Installing: /home/astra/Documents/rover-Cameras/ros2_v4l2_camera/install/v4l2_camera/include
[26.516s] -- Installing: /home/astra/Documents/rover-Cameras/ros2_v4l2_camera/install/v4l2_camera/include/v4l2_camera
[26.516s] -- Installing: /home/astra/Documents/rover-Cameras/ros2_v4l2_camera/install/v4l2_camera/include/v4l2_camera/pixel_format.hpp
[26.516s] -- Installing: /home/astra/Documents/rover-Cameras/ros2_v4l2_camera/install/v4l2_camera/include/v4l2_camera/fourcc.hpp
[26.516s] -- Installing: /home/astra/Documents/rover-Cameras/ros2_v4l2_camera/install/v4l2_camera/include/v4l2_camera/v4l2_camera_device.hpp
[26.516s] -- Installing: /home/astra/Documents/rover-Cameras/ros2_v4l2_camera/install/v4l2_camera/include/v4l2_camera/visibility_control.h
[26.516s] -- Installing: /home/astra/Documents/rover-Cameras/ros2_v4l2_camera/install/v4l2_camera/include/v4l2_camera/image_format.hpp
[26.516s] -- Installing: /home/astra/Documents/rover-Cameras/ros2_v4l2_camera/install/v4l2_camera/include/v4l2_camera/control.hpp
[26.517s] -- Installing: /home/astra/Documents/rover-Cameras/ros2_v4l2_camera/install/v4l2_camera/include/v4l2_camera/v4l2_camera.hpp
[26.517s] -- Installing: /home/astra/Documents/rover-Cameras/ros2_v4l2_camera/install/v4l2_camera/lib/libv4l2_camera.so
[26.522s] -- Set runtime path of "/home/astra/Documents/rover-Cameras/ros2_v4l2_camera/install/v4l2_camera/lib/libv4l2_camera.so" to ""
[26.522s] -- Installing: /home/astra/Documents/rover-Cameras/ros2_v4l2_camera/install/v4l2_camera/lib/v4l2_camera/v4l2_camera_node
[26.523s] -- Set runtime path of "/home/astra/Documents/rover-Cameras/ros2_v4l2_camera/install/v4l2_camera/lib/v4l2_camera/v4l2_camera_node" to ""
[26.523s] -- Installing: /home/astra/Documents/rover-Cameras/ros2_v4l2_camera/install/v4l2_camera/lib/v4l2_camera/v4l2_camera_compose_test
[26.528s] -- Set runtime path of "/home/astra/Documents/rover-Cameras/ros2_v4l2_camera/install/v4l2_camera/lib/v4l2_camera/v4l2_camera_compose_test" to ""
[26.529s] -- Installing: /home/astra/Documents/rover-Cameras/ros2_v4l2_camera/install/v4l2_camera/share/v4l2_camera/environment/library_path.sh
[26.529s] -- Installing: /home/astra/Documents/rover-Cameras/ros2_v4l2_camera/install/v4l2_camera/share/v4l2_camera/environment/library_path.dsv
[26.529s] -- Up-to-date: /home/astra/Documents/rover-Cameras/ros2_v4l2_camera/install/v4l2_camera/include
[26.530s] -- Up-to-date: /home/astra/Documents/rover-Cameras/ros2_v4l2_camera/install/v4l2_camera/include/v4l2_camera
[26.530s] -- Up-to-date: /home/astra/Documents/rover-Cameras/ros2_v4l2_camera/install/v4l2_camera/include/v4l2_camera/pixel_format.hpp
[26.530s] -- Up-to-date: /home/astra/Documents/rover-Cameras/ros2_v4l2_camera/install/v4l2_camera/include/v4l2_camera/fourcc.hpp
[26.530s] -- Up-to-date: /home/astra/Documents/rover-Cameras/ros2_v4l2_camera/install/v4l2_camera/include/v4l2_camera/v4l2_camera_device.hpp
[26.530s] -- Up-to-date: /home/astra/Documents/rover-Cameras/ros2_v4l2_camera/install/v4l2_camera/include/v4l2_camera/visibility_control.h
[26.531s] -- Up-to-date: /home/astra/Documents/rover-Cameras/ros2_v4l2_camera/install/v4l2_camera/include/v4l2_camera/image_format.hpp
[26.531s] -- Up-to-date: /home/astra/Documents/rover-Cameras/ros2_v4l2_camera/install/v4l2_camera/include/v4l2_camera/control.hpp
[26.531s] -- Up-to-date: /home/astra/Documents/rover-Cameras/ros2_v4l2_camera/install/v4l2_camera/include/v4l2_camera/v4l2_camera.hpp
[26.531s] -- Installing: /home/astra/Documents/rover-Cameras/ros2_v4l2_camera/install/v4l2_camera/share/v4l2_camera/launch
[26.531s] -- Installing: /home/astra/Documents/rover-Cameras/ros2_v4l2_camera/install/v4l2_camera/share/v4l2_camera/launch/v4l2_camera.launch.py
[26.532s] -- Installing: /home/astra/Documents/rover-Cameras/ros2_v4l2_camera/install/v4l2_camera/share/ament_index/resource_index/package_run_dependencies/v4l2_camera
[26.532s] -- Installing: /home/astra/Documents/rover-Cameras/ros2_v4l2_camera/install/v4l2_camera/share/ament_index/resource_index/parent_prefix_path/v4l2_camera
[26.532s] -- Installing: /home/astra/Documents/rover-Cameras/ros2_v4l2_camera/install/v4l2_camera/share/v4l2_camera/environment/ament_prefix_path.sh
[26.532s] -- Installing: /home/astra/Documents/rover-Cameras/ros2_v4l2_camera/install/v4l2_camera/share/v4l2_camera/environment/ament_prefix_path.dsv
[26.532s] -- Installing: /home/astra/Documents/rover-Cameras/ros2_v4l2_camera/install/v4l2_camera/share/v4l2_camera/environment/path.sh
[26.532s] -- Installing: /home/astra/Documents/rover-Cameras/ros2_v4l2_camera/install/v4l2_camera/share/v4l2_camera/environment/path.dsv
[26.533s] -- Installing: /home/astra/Documents/rover-Cameras/ros2_v4l2_camera/install/v4l2_camera/share/v4l2_camera/local_setup.bash
[26.533s] -- Installing: /home/astra/Documents/rover-Cameras/ros2_v4l2_camera/install/v4l2_camera/share/v4l2_camera/local_setup.sh
[26.533s] -- Installing: /home/astra/Documents/rover-Cameras/ros2_v4l2_camera/install/v4l2_camera/share/v4l2_camera/local_setup.zsh
[26.533s] -- Installing: /home/astra/Documents/rover-Cameras/ros2_v4l2_camera/install/v4l2_camera/share/v4l2_camera/local_setup.dsv
[26.533s] -- Installing: /home/astra/Documents/rover-Cameras/ros2_v4l2_camera/install/v4l2_camera/share/v4l2_camera/package.dsv
[26.534s] -- Installing: /home/astra/Documents/rover-Cameras/ros2_v4l2_camera/install/v4l2_camera/share/ament_index/resource_index/packages/v4l2_camera
[26.534s] -- Installing: /home/astra/Documents/rover-Cameras/ros2_v4l2_camera/install/v4l2_camera/share/ament_index/resource_index/rclcpp_components/v4l2_camera
[26.534s] -- Installing: /home/astra/Documents/rover-Cameras/ros2_v4l2_camera/install/v4l2_camera/share/v4l2_camera/cmake/export_v4l2_cameraExport.cmake
[26.534s] -- Installing: /home/astra/Documents/rover-Cameras/ros2_v4l2_camera/install/v4l2_camera/share/v4l2_camera/cmake/export_v4l2_cameraExport-noconfig.cmake
[26.535s] -- Installing: /home/astra/Documents/rover-Cameras/ros2_v4l2_camera/install/v4l2_camera/share/v4l2_camera/cmake/ament_cmake_export_include_directories-extras.cmake
[26.535s] -- Installing: /home/astra/Documents/rover-Cameras/ros2_v4l2_camera/install/v4l2_camera/share/v4l2_camera/cmake/ament_cmake_export_targets-extras.cmake
[26.535s] -- Installing: /home/astra/Documents/rover-Cameras/ros2_v4l2_camera/install/v4l2_camera/share/v4l2_camera/cmake/ament_cmake_export_libraries-extras.cmake
[26.535s] -- Installing: /home/astra/Documents/rover-Cameras/ros2_v4l2_camera/install/v4l2_camera/share/v4l2_camera/cmake/ament_cmake_export_dependencies-extras.cmake
[26.535s] -- Installing: /home/astra/Documents/rover-Cameras/ros2_v4l2_camera/install/v4l2_camera/share/v4l2_camera/cmake/v4l2_cameraConfig.cmake
[26.536s] -- Installing: /home/astra/Documents/rover-Cameras/ros2_v4l2_camera/install/v4l2_camera/share/v4l2_camera/cmake/v4l2_cameraConfig-version.cmake
[26.536s] -- Installing: /home/astra/Documents/rover-Cameras/ros2_v4l2_camera/install/v4l2_camera/share/v4l2_camera/package.xml
[26.539s] Invoked command in '/home/astra/Documents/rover-Cameras/ros2_v4l2_camera/build/v4l2_camera' returned '0': CMAKE_PREFIX_PATH=${CMAKE_PREFIX_PATH}:/home/astra/Documents/rover-Core/core_ws/install/mac_headless_pkg:/home/astra/Documents/rover-Core/core_ws/install/headless_pkg:/home/astra/Documents/rover-Core/core_ws/install/core_pkg:/opt/ros/humble /usr/bin/cmake --install /home/astra/Documents/rover-Cameras/ros2_v4l2_camera/build/v4l2_camera
