[35m[1mConsolidate compiler generated dependencies of target v4l2_camera[0m
[ 42%] Built target v4l2_camera
[35m[1mConsolidate compiler generated dependencies of target v4l2_camera_node[0m
[35m[1mConsolidate compiler generated dependencies of target v4l2_camera_compose_test[0m
[100%] Built target v4l2_camera_node
[100%] Built target v4l2_camera_compose_test
-- Install configuration: ""
-- Up-to-date: /home/astra/Documents/rover-Cameras/v4l2_camera_custom/install/v4l2_camera_custom/include
-- Up-to-date: /home/astra/Documents/rover-Cameras/v4l2_camera_custom/install/v4l2_camera_custom/include/v4l2_camera
-- Up-to-date: /home/astra/Documents/rover-Cameras/v4l2_camera_custom/install/v4l2_camera_custom/include/v4l2_camera/pixel_format.hpp
-- Up-to-date: /home/astra/Documents/rover-Cameras/v4l2_camera_custom/install/v4l2_camera_custom/include/v4l2_camera/fourcc.hpp
-- Up-to-date: /home/astra/Documents/rover-Cameras/v4l2_camera_custom/install/v4l2_camera_custom/include/v4l2_camera/v4l2_camera_device.hpp
-- Up-to-date: /home/astra/Documents/rover-Cameras/v4l2_camera_custom/install/v4l2_camera_custom/include/v4l2_camera/visibility_control.h
-- Up-to-date: /home/astra/Documents/rover-Cameras/v4l2_camera_custom/install/v4l2_camera_custom/include/v4l2_camera/image_format.hpp
-- Up-to-date: /home/astra/Documents/rover-Cameras/v4l2_camera_custom/install/v4l2_camera_custom/include/v4l2_camera/control.hpp
-- Up-to-date: /home/astra/Documents/rover-Cameras/v4l2_camera_custom/install/v4l2_camera_custom/include/v4l2_camera/v4l2_camera.hpp
-- Up-to-date: /home/astra/Documents/rover-Cameras/v4l2_camera_custom/install/v4l2_camera_custom/lib/libv4l2_camera.so
-- Up-to-date: /home/astra/Documents/rover-Cameras/v4l2_camera_custom/install/v4l2_camera_custom/lib/v4l2_camera_custom/v4l2_camera_node
-- Up-to-date: /home/astra/Documents/rover-Cameras/v4l2_camera_custom/install/v4l2_camera_custom/lib/v4l2_camera_custom/v4l2_camera_compose_test
-- Up-to-date: /home/astra/Documents/rover-Cameras/v4l2_camera_custom/install/v4l2_camera_custom/share/v4l2_camera_custom/environment/library_path.sh
-- Up-to-date: /home/astra/Documents/rover-Cameras/v4l2_camera_custom/install/v4l2_camera_custom/share/v4l2_camera_custom/environment/library_path.dsv
-- Up-to-date: /home/astra/Documents/rover-Cameras/v4l2_camera_custom/install/v4l2_camera_custom/include
-- Up-to-date: /home/astra/Documents/rover-Cameras/v4l2_camera_custom/install/v4l2_camera_custom/include/v4l2_camera
-- Up-to-date: /home/astra/Documents/rover-Cameras/v4l2_camera_custom/install/v4l2_camera_custom/include/v4l2_camera/pixel_format.hpp
-- Up-to-date: /home/astra/Documents/rover-Cameras/v4l2_camera_custom/install/v4l2_camera_custom/include/v4l2_camera/fourcc.hpp
-- Up-to-date: /home/astra/Documents/rover-Cameras/v4l2_camera_custom/install/v4l2_camera_custom/include/v4l2_camera/v4l2_camera_device.hpp
-- Up-to-date: /home/astra/Documents/rover-Cameras/v4l2_camera_custom/install/v4l2_camera_custom/include/v4l2_camera/visibility_control.h
-- Up-to-date: /home/astra/Documents/rover-Cameras/v4l2_camera_custom/install/v4l2_camera_custom/include/v4l2_camera/image_format.hpp
-- Up-to-date: /home/astra/Documents/rover-Cameras/v4l2_camera_custom/install/v4l2_camera_custom/include/v4l2_camera/control.hpp
-- Up-to-date: /home/astra/Documents/rover-Cameras/v4l2_camera_custom/install/v4l2_camera_custom/include/v4l2_camera/v4l2_camera.hpp
-- Up-to-date: /home/astra/Documents/rover-Cameras/v4l2_camera_custom/install/v4l2_camera_custom/share/v4l2_camera_custom/launch
-- Up-to-date: /home/astra/Documents/rover-Cameras/v4l2_camera_custom/install/v4l2_camera_custom/share/v4l2_camera_custom/launch/v4l2_camera.launch.py
-- Up-to-date: /home/astra/Documents/rover-Cameras/v4l2_camera_custom/install/v4l2_camera_custom/share/ament_index/resource_index/package_run_dependencies/v4l2_camera_custom
-- Up-to-date: /home/astra/Documents/rover-Cameras/v4l2_camera_custom/install/v4l2_camera_custom/share/ament_index/resource_index/parent_prefix_path/v4l2_camera_custom
-- Up-to-date: /home/astra/Documents/rover-Cameras/v4l2_camera_custom/install/v4l2_camera_custom/share/v4l2_camera_custom/environment/ament_prefix_path.sh
-- Up-to-date: /home/astra/Documents/rover-Cameras/v4l2_camera_custom/install/v4l2_camera_custom/share/v4l2_camera_custom/environment/ament_prefix_path.dsv
-- Up-to-date: /home/astra/Documents/rover-Cameras/v4l2_camera_custom/install/v4l2_camera_custom/share/v4l2_camera_custom/environment/path.sh
-- Up-to-date: /home/astra/Documents/rover-Cameras/v4l2_camera_custom/install/v4l2_camera_custom/share/v4l2_camera_custom/environment/path.dsv
-- Up-to-date: /home/astra/Documents/rover-Cameras/v4l2_camera_custom/install/v4l2_camera_custom/share/v4l2_camera_custom/local_setup.bash
-- Up-to-date: /home/astra/Documents/rover-Cameras/v4l2_camera_custom/install/v4l2_camera_custom/share/v4l2_camera_custom/local_setup.sh
-- Up-to-date: /home/astra/Documents/rover-Cameras/v4l2_camera_custom/install/v4l2_camera_custom/share/v4l2_camera_custom/local_setup.zsh
-- Up-to-date: /home/astra/Documents/rover-Cameras/v4l2_camera_custom/install/v4l2_camera_custom/share/v4l2_camera_custom/local_setup.dsv
-- Installing: /home/astra/Documents/rover-Cameras/v4l2_camera_custom/install/v4l2_camera_custom/share/v4l2_camera_custom/package.dsv
-- Up-to-date: /home/astra/Documents/rover-Cameras/v4l2_camera_custom/install/v4l2_camera_custom/share/ament_index/resource_index/packages/v4l2_camera_custom
-- Up-to-date: /home/astra/Documents/rover-Cameras/v4l2_camera_custom/install/v4l2_camera_custom/share/ament_index/resource_index/rclcpp_components/v4l2_camera_custom
-- Up-to-date: /home/astra/Documents/rover-Cameras/v4l2_camera_custom/install/v4l2_camera_custom/share/v4l2_camera_custom/cmake/export_v4l2_camera_customExport.cmake
-- Up-to-date: /home/astra/Documents/rover-Cameras/v4l2_camera_custom/install/v4l2_camera_custom/share/v4l2_camera_custom/cmake/export_v4l2_camera_customExport-noconfig.cmake
-- Up-to-date: /home/astra/Documents/rover-Cameras/v4l2_camera_custom/install/v4l2_camera_custom/share/v4l2_camera_custom/cmake/ament_cmake_export_include_directories-extras.cmake
-- Up-to-date: /home/astra/Documents/rover-Cameras/v4l2_camera_custom/install/v4l2_camera_custom/share/v4l2_camera_custom/cmake/ament_cmake_export_targets-extras.cmake
-- Up-to-date: /home/astra/Documents/rover-Cameras/v4l2_camera_custom/install/v4l2_camera_custom/share/v4l2_camera_custom/cmake/ament_cmake_export_libraries-extras.cmake
-- Up-to-date: /home/astra/Documents/rover-Cameras/v4l2_camera_custom/install/v4l2_camera_custom/share/v4l2_camera_custom/cmake/ament_cmake_export_dependencies-extras.cmake
-- Up-to-date: /home/astra/Documents/rover-Cameras/v4l2_camera_custom/install/v4l2_camera_custom/share/v4l2_camera_custom/cmake/v4l2_camera_customConfig.cmake
-- Up-to-date: /home/astra/Documents/rover-Cameras/v4l2_camera_custom/install/v4l2_camera_custom/share/v4l2_camera_custom/cmake/v4l2_camera_customConfig-version.cmake
-- Up-to-date: /home/astra/Documents/rover-Cameras/v4l2_camera_custom/install/v4l2_camera_custom/share/v4l2_camera_custom/package.xml
