[0.016s] Invoking command in '/home/astra/Documents/rover-Cameras/v4l2_camera_custom/build/v4l2_camera_custom': CMAKE_PREFIX_PATH=${CMAKE_PREFIX_PATH}:/home/astra/Documents/rover-Core/core_ws/install/mac_headless_pkg:/home/astra/Documents/rover-Core/core_ws/install/headless_pkg:/home/astra/Documents/rover-Core/core_ws/install/core_pkg:/opt/ros/humble /usr/bin/cmake --build /home/astra/Documents/rover-Cameras/v4l2_camera_custom/build/v4l2_camera_custom -- -j4 -l4
[0.071s] [35m[1mConsolidate compiler generated dependencies of target v4l2_camera[0m
[0.096s] [ 42%] Built target v4l2_camera
[0.112s] [35m[1mConsolidate compiler generated dependencies of target v4l2_camera_node[0m
[0.113s] [35m[1mConsolidate compiler generated dependencies of target v4l2_camera_compose_test[0m
[0.133s] [100%] Built target v4l2_camera_node
[0.133s] [100%] Built target v4l2_camera_compose_test
[0.148s] Invoked command in '/home/astra/Documents/rover-Cameras/v4l2_camera_custom/build/v4l2_camera_custom' returned '0': CMAKE_PREFIX_PATH=${CMAKE_PREFIX_PATH}:/home/astra/Documents/rover-Core/core_ws/install/mac_headless_pkg:/home/astra/Documents/rover-Core/core_ws/install/headless_pkg:/home/astra/Documents/rover-Core/core_ws/install/core_pkg:/opt/ros/humble /usr/bin/cmake --build /home/astra/Documents/rover-Cameras/v4l2_camera_custom/build/v4l2_camera_custom -- -j4 -l4
[0.195s] Invoking command in '/home/astra/Documents/rover-Cameras/v4l2_camera_custom/build/v4l2_camera_custom': CMAKE_PREFIX_PATH=${CMAKE_PREFIX_PATH}:/home/astra/Documents/rover-Core/core_ws/install/mac_headless_pkg:/home/astra/Documents/rover-Core/core_ws/install/headless_pkg:/home/astra/Documents/rover-Core/core_ws/install/core_pkg:/opt/ros/humble /usr/bin/cmake --install /home/astra/Documents/rover-Cameras/v4l2_camera_custom/build/v4l2_camera_custom
[0.204s] -- Install configuration: ""
[0.204s] -- Up-to-date: /home/astra/Documents/rover-Cameras/v4l2_camera_custom/install/v4l2_camera_custom/include
[0.204s] -- Up-to-date: /home/astra/Documents/rover-Cameras/v4l2_camera_custom/install/v4l2_camera_custom/include/v4l2_camera
[0.204s] -- Up-to-date: /home/astra/Documents/rover-Cameras/v4l2_camera_custom/install/v4l2_camera_custom/include/v4l2_camera/pixel_format.hpp
[0.204s] -- Up-to-date: /home/astra/Documents/rover-Cameras/v4l2_camera_custom/install/v4l2_camera_custom/include/v4l2_camera/fourcc.hpp
[0.204s] -- Up-to-date: /home/astra/Documents/rover-Cameras/v4l2_camera_custom/install/v4l2_camera_custom/include/v4l2_camera/v4l2_camera_device.hpp
[0.204s] -- Up-to-date: /home/astra/Documents/rover-Cameras/v4l2_camera_custom/install/v4l2_camera_custom/include/v4l2_camera/visibility_control.h
[0.204s] -- Up-to-date: /home/astra/Documents/rover-Cameras/v4l2_camera_custom/install/v4l2_camera_custom/include/v4l2_camera/image_format.hpp
[0.205s] -- Up-to-date: /home/astra/Documents/rover-Cameras/v4l2_camera_custom/install/v4l2_camera_custom/include/v4l2_camera/control.hpp
[0.205s] -- Up-to-date: /home/astra/Documents/rover-Cameras/v4l2_camera_custom/install/v4l2_camera_custom/include/v4l2_camera/v4l2_camera.hpp
[0.205s] -- Up-to-date: /home/astra/Documents/rover-Cameras/v4l2_camera_custom/install/v4l2_camera_custom/lib/libv4l2_camera.so
[0.205s] -- Up-to-date: /home/astra/Documents/rover-Cameras/v4l2_camera_custom/install/v4l2_camera_custom/lib/v4l2_camera_custom/v4l2_camera_node
[0.205s] -- Up-to-date: /home/astra/Documents/rover-Cameras/v4l2_camera_custom/install/v4l2_camera_custom/lib/v4l2_camera_custom/v4l2_camera_compose_test
[0.205s] -- Up-to-date: /home/astra/Documents/rover-Cameras/v4l2_camera_custom/install/v4l2_camera_custom/share/v4l2_camera_custom/environment/library_path.sh
[0.205s] -- Up-to-date: /home/astra/Documents/rover-Cameras/v4l2_camera_custom/install/v4l2_camera_custom/share/v4l2_camera_custom/environment/library_path.dsv
[0.206s] -- Up-to-date: /home/astra/Documents/rover-Cameras/v4l2_camera_custom/install/v4l2_camera_custom/include
[0.206s] -- Up-to-date: /home/astra/Documents/rover-Cameras/v4l2_camera_custom/install/v4l2_camera_custom/include/v4l2_camera
[0.206s] -- Up-to-date: /home/astra/Documents/rover-Cameras/v4l2_camera_custom/install/v4l2_camera_custom/include/v4l2_camera/pixel_format.hpp
[0.206s] -- Up-to-date: /home/astra/Documents/rover-Cameras/v4l2_camera_custom/install/v4l2_camera_custom/include/v4l2_camera/fourcc.hpp
[0.206s] -- Up-to-date: /home/astra/Documents/rover-Cameras/v4l2_camera_custom/install/v4l2_camera_custom/include/v4l2_camera/v4l2_camera_device.hpp
[0.206s] -- Up-to-date: /home/astra/Documents/rover-Cameras/v4l2_camera_custom/install/v4l2_camera_custom/include/v4l2_camera/visibility_control.h
[0.206s] -- Up-to-date: /home/astra/Documents/rover-Cameras/v4l2_camera_custom/install/v4l2_camera_custom/include/v4l2_camera/image_format.hpp
[0.207s] -- Up-to-date: /home/astra/Documents/rover-Cameras/v4l2_camera_custom/install/v4l2_camera_custom/include/v4l2_camera/control.hpp
[0.207s] -- Up-to-date: /home/astra/Documents/rover-Cameras/v4l2_camera_custom/install/v4l2_camera_custom/include/v4l2_camera/v4l2_camera.hpp
[0.207s] -- Up-to-date: /home/astra/Documents/rover-Cameras/v4l2_camera_custom/install/v4l2_camera_custom/share/v4l2_camera_custom/launch
[0.207s] -- Up-to-date: /home/astra/Documents/rover-Cameras/v4l2_camera_custom/install/v4l2_camera_custom/share/v4l2_camera_custom/launch/v4l2_camera.launch.py
[0.207s] -- Up-to-date: /home/astra/Documents/rover-Cameras/v4l2_camera_custom/install/v4l2_camera_custom/share/ament_index/resource_index/package_run_dependencies/v4l2_camera_custom
[0.207s] -- Up-to-date: /home/astra/Documents/rover-Cameras/v4l2_camera_custom/install/v4l2_camera_custom/share/ament_index/resource_index/parent_prefix_path/v4l2_camera_custom
[0.207s] -- Up-to-date: /home/astra/Documents/rover-Cameras/v4l2_camera_custom/install/v4l2_camera_custom/share/v4l2_camera_custom/environment/ament_prefix_path.sh
[0.207s] -- Up-to-date: /home/astra/Documents/rover-Cameras/v4l2_camera_custom/install/v4l2_camera_custom/share/v4l2_camera_custom/environment/ament_prefix_path.dsv
[0.207s] -- Up-to-date: /home/astra/Documents/rover-Cameras/v4l2_camera_custom/install/v4l2_camera_custom/share/v4l2_camera_custom/environment/path.sh
[0.207s] -- Up-to-date: /home/astra/Documents/rover-Cameras/v4l2_camera_custom/install/v4l2_camera_custom/share/v4l2_camera_custom/environment/path.dsv
[0.207s] -- Up-to-date: /home/astra/Documents/rover-Cameras/v4l2_camera_custom/install/v4l2_camera_custom/share/v4l2_camera_custom/local_setup.bash
[0.208s] -- Up-to-date: /home/astra/Documents/rover-Cameras/v4l2_camera_custom/install/v4l2_camera_custom/share/v4l2_camera_custom/local_setup.sh
[0.208s] -- Up-to-date: /home/astra/Documents/rover-Cameras/v4l2_camera_custom/install/v4l2_camera_custom/share/v4l2_camera_custom/local_setup.zsh
[0.208s] -- Up-to-date: /home/astra/Documents/rover-Cameras/v4l2_camera_custom/install/v4l2_camera_custom/share/v4l2_camera_custom/local_setup.dsv
[0.208s] -- Installing: /home/astra/Documents/rover-Cameras/v4l2_camera_custom/install/v4l2_camera_custom/share/v4l2_camera_custom/package.dsv
[0.208s] -- Up-to-date: /home/astra/Documents/rover-Cameras/v4l2_camera_custom/install/v4l2_camera_custom/share/ament_index/resource_index/packages/v4l2_camera_custom
[0.208s] -- Up-to-date: /home/astra/Documents/rover-Cameras/v4l2_camera_custom/install/v4l2_camera_custom/share/ament_index/resource_index/rclcpp_components/v4l2_camera_custom
[0.208s] -- Up-to-date: /home/astra/Documents/rover-Cameras/v4l2_camera_custom/install/v4l2_camera_custom/share/v4l2_camera_custom/cmake/export_v4l2_camera_customExport.cmake
[0.208s] -- Up-to-date: /home/astra/Documents/rover-Cameras/v4l2_camera_custom/install/v4l2_camera_custom/share/v4l2_camera_custom/cmake/export_v4l2_camera_customExport-noconfig.cmake
[0.208s] -- Up-to-date: /home/astra/Documents/rover-Cameras/v4l2_camera_custom/install/v4l2_camera_custom/share/v4l2_camera_custom/cmake/ament_cmake_export_include_directories-extras.cmake
[0.208s] -- Up-to-date: /home/astra/Documents/rover-Cameras/v4l2_camera_custom/install/v4l2_camera_custom/share/v4l2_camera_custom/cmake/ament_cmake_export_targets-extras.cmake
[0.209s] -- Up-to-date: /home/astra/Documents/rover-Cameras/v4l2_camera_custom/install/v4l2_camera_custom/share/v4l2_camera_custom/cmake/ament_cmake_export_libraries-extras.cmake
[0.209s] -- Up-to-date: /home/astra/Documents/rover-Cameras/v4l2_camera_custom/install/v4l2_camera_custom/share/v4l2_camera_custom/cmake/ament_cmake_export_dependencies-extras.cmake
[0.209s] -- Up-to-date: /home/astra/Documents/rover-Cameras/v4l2_camera_custom/install/v4l2_camera_custom/share/v4l2_camera_custom/cmake/v4l2_camera_customConfig.cmake
[0.209s] -- Up-to-date: /home/astra/Documents/rover-Cameras/v4l2_camera_custom/install/v4l2_camera_custom/share/v4l2_camera_custom/cmake/v4l2_camera_customConfig-version.cmake
[0.210s] -- Up-to-date: /home/astra/Documents/rover-Cameras/v4l2_camera_custom/install/v4l2_camera_custom/share/v4l2_camera_custom/package.xml
[0.210s] Invoked command in '/home/astra/Documents/rover-Cameras/v4l2_camera_custom/build/v4l2_camera_custom' returned '0': CMAKE_PREFIX_PATH=${CMAKE_PREFIX_PATH}:/home/astra/Documents/rover-Core/core_ws/install/mac_headless_pkg:/home/astra/Documents/rover-Core/core_ws/install/headless_pkg:/home/astra/Documents/rover-Core/core_ws/install/core_pkg:/opt/ros/humble /usr/bin/cmake --install /home/astra/Documents/rover-Cameras/v4l2_camera_custom/build/v4l2_camera_custom
